#
# There is insufficient memory for the Java Runtime Environment to continue.
# Native memory allocation (malloc) failed to allocate 131088 bytes for Chunk::new
# Possible reasons:
#   The system is out of physical RAM or swap space
#   The process is running with CompressedOops enabled, and the Java Heap may be blocking the growth of the native heap
# Possible solutions:
#   Reduce memory load on the system
#   Increase physical memory or swap space
#   Check if swap backing store is full
#   Decrease Java heap size (-Xmx/-Xms)
#   Decrease number of Java threads
#   Decrease Java thread stack sizes (-Xss)
#   Set larger code cache with -XX:ReservedCodeCacheSize=
#   JVM is running with Unscaled Compressed Oops mode in which the Java heap is
#     placed in the first 4GB address space. The Java Heap base address is the
#     maximum limit for the native heap growth. Please use -XX:HeapBaseMinAddress
#     to set the Java Heap base and to place the Java Heap above 4GB virtual address.
# This output file may be truncated or incomplete.
#
#  Out of Memory Error (./src/hotspot/share/memory/arena.cpp:197), pid=15532, tid=12068
#
# JRE version: OpenJDK Runtime Environment (11.0.8+10) (build 11.0.8+10-b944.6842174)
# Java VM: OpenJDK 64-Bit Server VM (11.0.8+10-b944.6842174, mixed mode, tiered, compressed oops, g1 gc, windows-amd64)
# No core dump will be written. Minidumps are not enabled by default on client versions of Windows
#

---------------  S U M M A R Y ------------

Command Line: --add-opens=java.base/java.util=ALL-UNNAMED --add-opens=java.base/java.lang=ALL-UNNAMED --add-opens=java.base/java.lang.invoke=ALL-UNNAMED --add-opens=java.prefs/java.util.prefs=ALL-UNNAMED -Xmx2048m -Dfile.encoding=UTF-8 -Duser.country=ID -Duser.language=en -Duser.variant org.gradle.launcher.daemon.bootstrap.GradleDaemon 6.7.1

Host: Intel(R) Core(TM) i5-8265U CPU @ 1.60GHz, 8 cores, 11G,  Windows 10 , 64 bit Build 19041 (10.0.19041.1023)
Time: Sat Jul 10 16:19:18 2021 SE Asia Standard Time elapsed time: 13 seconds (0d 0h 0m 13s)

---------------  T H R E A D  ---------------

Current thread (0x000001c979b49800):  JavaThread "C2 CompilerThread0" daemon [_thread_in_native, id=12068, stack(0x0000009e7dd00000,0x0000009e7de00000)]


Current CompileTask:
C2:  13814 4760       4       java.net.URLClassLoader::getAndVerifyPackage (109 bytes)

Stack: [0x0000009e7dd00000,0x0000009e7de00000]
Native frames: (J=compiled Java code, j=interpreted, Vv=VM code, C=native code)
V  [jvm.dll+0x5de50a]
V  [jvm.dll+0x7122f5]
V  [jvm.dll+0x71384d]
V  [jvm.dll+0x713f03]
V  [jvm.dll+0x23e728]
V  [jvm.dll+0xb899c]
V  [jvm.dll+0xb8e9c]
V  [jvm.dll+0x60aafc]
V  [jvm.dll+0x60ad56]
V  [jvm.dll+0x60c574]
V  [jvm.dll+0x60b22d]
V  [jvm.dll+0x502858]
V  [jvm.dll+0x1ff393]
V  [jvm.dll+0x1f917c]
V  [jvm.dll+0x1f685f]
V  [jvm.dll+0x17f32c]
V  [jvm.dll+0x205047]
V  [jvm.dll+0x203891]
V  [jvm.dll+0x6dad3f]
V  [jvm.dll+0x6d3895]
V  [jvm.dll+0x5dd4a6]
C  [ucrtbase.dll+0x21bb2]
C  [KERNEL32.DLL+0x17034]
C  [ntdll.dll+0x52651]


---------------  P R O C E S S  ---------------

Threads class SMR info:
_java_thread_list=0x000001c97d1dd6a0, length=156, elements={
0x000001c95cfcc000, 0x000001c979ae2000, 0x000001c979aed000, 0x000001c9792db800,
0x000001c9792dd800, 0x000001c979b49800, 0x000001c979b55000, 0x000001c979b5a800,
0x000001c979cc7000, 0x000001c979cc9000, 0x000001c97b3e9800, 0x000001c97a0d4800,
0x000001c97c6d1800, 0x000001c97c5be800, 0x000001c97add9000, 0x000001c97b4e2800,
0x000001c97b5a6800, 0x000001c97b5fc000, 0x000001c97c56a000, 0x000001c97bf29000,
0x000001c97c08e000, 0x000001c97c08f800, 0x000001c97c08e800, 0x000001c97c08d000,
0x000001c97db37800, 0x000001c97db39800, 0x000001c97db38800, 0x000001c97db34800,
0x000001c97db3b000, 0x000001c97db37000, 0x000001c97db36000, 0x000001c97db41800,
0x000001c97db40800, 0x000001c97db3f000, 0x000001c97db3c800, 0x000001c97db43000,
0x000001c97db40000, 0x000001c97db42800, 0x000001c97db3d800, 0x000001c97db3e000,
0x000001c97c075800, 0x000001c97c07a800, 0x000001c97c079000, 0x000001c97c076800,
0x000001c97c075000, 0x000001c97c079800, 0x000001c97c07b800, 0x000001c97c07c000,
0x000001c97c07d000, 0x000001c97c077800, 0x000001c97c07e000, 0x000001c97c078000,
0x000001c97c07e800, 0x000001c97c07f800, 0x000001c97c080800, 0x000001c97c082000,
0x000001c97c081000, 0x000001c97c083800, 0x000001c97c082800, 0x000001c97a015000,
0x000001c97a017000, 0x000001c97a012800, 0x000001c97a018000, 0x000001c97a019000,
0x000001c97a015800, 0x000001c97a013000, 0x000001c97a019800, 0x000001c97a016800,
0x000001c97a014000, 0x000001c97a01d000, 0x000001c97a020000, 0x000001c97a01b800,
0x000001c97a01f800, 0x000001c97a01a800, 0x000001c97a021000, 0x000001c97a01c000,
0x000001c97a01d800, 0x000001c97a01e800, 0x000001c97bd53800, 0x000001c97bd52800,
0x000001c97bd4f800, 0x000001c97bd50800, 0x000001c97bd51000, 0x000001c97bd52000,
0x000001c97bd4e000, 0x000001c97bd4e800, 0x000001c97bd57000, 0x000001c97bd57800,
0x000001c97bd58800, 0x000001c97bd56000, 0x000001c97bd59000, 0x000001c97bd55000,
0x000001c97bd5a000, 0x000001c97bd54800, 0x000001c97bd5b800, 0x000001c97bd5b000,
0x000001c97bd5c800, 0x000001c979ff9000, 0x000001c979ffc800, 0x000001c979ff6800,
0x000001c979ffd800, 0x000001c979ffb000, 0x000001c979ffb800, 0x000001c979ff8800,
0x000001c979ff7800, 0x000001c979ffe000, 0x000001c979fff000, 0x000001c979fff800,
0x000001c979ffa000, 0x000001c97a003000, 0x000001c97a004800, 0x000001c97a001800,
0x000001c97a000800, 0x000001c97a004000, 0x000001c97a002000, 0x000001c97a005800,
0x000001c901387000, 0x000001c901387800, 0x000001c901384800, 0x000001c901388800,
0x000001c901385000, 0x000001c901383000, 0x000001c901386000, 0x000001c901389800,
0x000001c901383800, 0x000001c90138c800, 0x000001c90138b000, 0x000001c90138a000,
0x000001c901390800, 0x000001c901391800, 0x000001c901390000, 0x000001c90138c000,
0x000001c90138d800, 0x000001c90138e000, 0x000001c90138f000, 0x000001c900fa2800,
0x000001c900fa4000, 0x000001c900fa3000, 0x000001c900fa0000, 0x000001c900f9f000,
0x000001c900fa4800, 0x000001c900fa5800, 0x000001c900fa6800, 0x000001c900fa1800,
0x000001c900fa0800, 0x000001c900fa7000, 0x000001c900fa9800, 0x000001c900fac000,
0x000001c900fad000, 0x000001c900faa800, 0x000001c900fab800, 0x000001c900fad800,
0x000001c900fa8000, 0x000001c900fa9000, 0x000001c97c875800, 0x000001c90085d800
}

Java Threads: ( => current thread )
  0x000001c95cfcc000 JavaThread "main" [_thread_blocked, id=9496, stack(0x0000009e7d200000,0x0000009e7d300000)]
  0x000001c979ae2000 JavaThread "Reference Handler" daemon [_thread_blocked, id=20696, stack(0x0000009e7d900000,0x0000009e7da00000)]
  0x000001c979aed000 JavaThread "Finalizer" daemon [_thread_blocked, id=12488, stack(0x0000009e7da00000,0x0000009e7db00000)]
  0x000001c9792db800 JavaThread "Signal Dispatcher" daemon [_thread_blocked, id=19808, stack(0x0000009e7db00000,0x0000009e7dc00000)]
  0x000001c9792dd800 JavaThread "Attach Listener" daemon [_thread_blocked, id=21216, stack(0x0000009e7dc00000,0x0000009e7dd00000)]
=>0x000001c979b49800 JavaThread "C2 CompilerThread0" daemon [_thread_in_native, id=12068, stack(0x0000009e7dd00000,0x0000009e7de00000)]
  0x000001c979b55000 JavaThread "C1 CompilerThread0" daemon [_thread_in_native, id=13808, stack(0x0000009e7de00000,0x0000009e7df00000)]
  0x000001c979b5a800 JavaThread "Sweeper thread" daemon [_thread_blocked, id=13680, stack(0x0000009e7df00000,0x0000009e7e000000)]
  0x000001c979cc7000 JavaThread "Common-Cleaner" daemon [_thread_blocked, id=23332, stack(0x0000009e7e000000,0x0000009e7e100000)]
  0x000001c979cc9000 JavaThread "Service Thread" daemon [_thread_blocked, id=15384, stack(0x0000009e7e100000,0x0000009e7e200000)]
  0x000001c97b3e9800 JavaThread "Daemon health stats" [_thread_blocked, id=16928, stack(0x0000009e7e800000,0x0000009e7e900000)]
  0x000001c97a0d4800 JavaThread "Incoming local TCP Connector on port 57816" [_thread_in_native, id=12008, stack(0x0000009e7e300000,0x0000009e7e400000)]
  0x000001c97c6d1800 JavaThread "Daemon periodic checks" [_thread_blocked, id=13328, stack(0x0000009e7ea00000,0x0000009e7eb00000)]
  0x000001c97c5be800 JavaThread "Daemon" [_thread_blocked, id=18048, stack(0x0000009e7eb00000,0x0000009e7ec00000)]
  0x000001c97add9000 JavaThread "Handler for socket connection from /127.0.0.1:57816 to /127.0.0.1:57817" [_thread_in_native, id=2188, stack(0x0000009e7ec00000,0x0000009e7ed00000)]
  0x000001c97b4e2800 JavaThread "Cancel handler" [_thread_blocked, id=3372, stack(0x0000009e7ed00000,0x0000009e7ee00000)]
  0x000001c97b5a6800 JavaThread "Daemon worker" [_thread_in_Java, id=5084, stack(0x0000009e7ee00000,0x0000009e7ef00000)]
  0x000001c97b5fc000 JavaThread "Asynchronous log dispatcher for DefaultDaemonConnection: socket connection from /127.0.0.1:57816 to /127.0.0.1:57817" [_thread_blocked, id=6384, stack(0x0000009e7ef00000,0x0000009e7f000000)]
  0x000001c97c56a000 JavaThread "Stdin handler" [_thread_blocked, id=15460, stack(0x0000009e7f000000,0x0000009e7f100000)]
  0x000001c97bf29000 JavaThread "Thread-8" [_thread_blocked, id=10224, stack(0x0000009e7f100000,0x0000009e7f200000)]
  0x000001c97c08e000 JavaThread "Cache worker for file hash cache (C:\Users\Asus\.gradle\caches\6.7.1\fileHashes)" [_thread_blocked, id=1196, stack(0x0000009e7f200000,0x0000009e7f300000)]
  0x000001c97c08f800 JavaThread "File lock request listener" [_thread_in_native, id=18164, stack(0x0000009e7f300000,0x0000009e7f400000)]
  0x000001c97c08e800 JavaThread "Cache worker for journal cache (C:\Users\Asus\.gradle\caches\journal-1)" [_thread_blocked, id=9768, stack(0x0000009e7f900000,0x0000009e7fa00000)]
  0x000001c97c08d000 JavaThread "Cache worker for file hash cache (D:\AndroidStudioProjects\AplikasiWisataRohulAndroid\.gradle\6.7.1\fileHashes)" [_thread_blocked, id=10060, stack(0x0000009e7fb00000,0x0000009e7fc00000)]
  0x000001c97db37800 JavaThread "Cache worker for checksums cache (D:\AndroidStudioProjects\AplikasiWisataRohulAndroid\.gradle\checksums)" [_thread_blocked, id=18004, stack(0x0000009e7fc00000,0x0000009e7fd00000)]
  0x000001c97db39800 JavaThread "Cache worker for cache directory md-supplier (C:\Users\Asus\.gradle\caches\6.7.1\md-supplier)" [_thread_blocked, id=7160, stack(0x0000009e7fd00000,0x0000009e7fe00000)]
  0x000001c97db38800 JavaThread "Cache worker for cache directory md-rule (C:\Users\Asus\.gradle\caches\6.7.1\md-rule)" [_thread_blocked, id=10792, stack(0x0000009e7ff00000,0x0000009e80000000)]
  0x000001c97db34800 JavaThread "Cache worker for execution history cache (C:\Users\Asus\.gradle\caches\6.7.1\executionHistory)" [_thread_blocked, id=22076, stack(0x0000009e00000000,0x0000009e00100000)]
  0x000001c97db3b000 JavaThread "jar transforms" [_thread_blocked, id=1956, stack(0x0000009e00100000,0x0000009e00200000)]
  0x000001c97db37000 JavaThread "Cache worker for file content cache (C:\Users\Asus\.gradle\caches\6.7.1\fileContent)" [_thread_blocked, id=19928, stack(0x0000009e00200000,0x0000009e00300000)]
  0x000001c97db36000 JavaThread "Cache worker for Build Output Cleanup Cache (D:\AndroidStudioProjects\AplikasiWisataRohulAndroid\.gradle\buildOutputCleanup)" [_thread_blocked, id=22464, stack(0x0000009e00400000,0x0000009e00500000)]
  0x000001c97db41800 JavaThread "Build operations" [_thread_blocked, id=12580, stack(0x0000009e00300000,0x0000009e00400000)]
  0x000001c97db40800 JavaThread "Build operations Thread 2" [_thread_blocked, id=9408, stack(0x0000009e00500000,0x0000009e00600000)]
  0x000001c97db3f000 JavaThread "Build operations Thread 3" [_thread_blocked, id=18872, stack(0x0000009e00600000,0x0000009e00700000)]
  0x000001c97db3c800 JavaThread "Build operations Thread 4" [_thread_blocked, id=11464, stack(0x0000009e00700000,0x0000009e00800000)]
  0x000001c97db43000 JavaThread "Build operations Thread 5" [_thread_blocked, id=1388, stack(0x0000009e00800000,0x0000009e00900000)]
  0x000001c97db40000 JavaThread "Build operations Thread 6" [_thread_blocked, id=7696, stack(0x0000009e00900000,0x0000009e00a00000)]
  0x000001c97db42800 JavaThread "Build operations Thread 7" [_thread_blocked, id=11292, stack(0x0000009e00a00000,0x0000009e00b00000)]
  0x000001c97db3d800 JavaThread "Build operations Thread 8" [_thread_blocked, id=16584, stack(0x0000009e00b00000,0x0000009e00c00000)]
  0x000001c97db3e000 JavaThread "jar transforms Thread 2" [_thread_blocked, id=14988, stack(0x0000009e00c00000,0x0000009e00d00000)]
  0x000001c97c075800 JavaThread "jar transforms Thread 3" [_thread_blocked, id=1412, stack(0x0000009e00d00000,0x0000009e00e00000)]
  0x000001c97c07a800 JavaThread "jar transforms Thread 4" [_thread_blocked, id=15492, stack(0x0000009e00e00000,0x0000009e00f00000)]
  0x000001c97c079000 JavaThread "jar transforms Thread 5" [_thread_blocked, id=15756, stack(0x0000009e00f00000,0x0000009e01000000)]
  0x000001c97c076800 JavaThread "jar transforms Thread 6" [_thread_blocked, id=20312, stack(0x0000009e01000000,0x0000009e01100000)]
  0x000001c97c075000 JavaThread "jar transforms Thread 7" [_thread_blocked, id=4364, stack(0x0000009e01100000,0x0000009e01200000)]
  0x000001c97c079800 JavaThread "jar transforms Thread 8" [_thread_blocked, id=6672, stack(0x0000009e01200000,0x0000009e01300000)]
  0x000001c97c07b800 JavaThread "jar transforms Thread 9" [_thread_blocked, id=5556, stack(0x0000009e01300000,0x0000009e01400000)]
  0x000001c97c07c000 JavaThread "jar transforms Thread 10" [_thread_blocked, id=5928, stack(0x0000009e01400000,0x0000009e01500000)]
  0x000001c97c07d000 JavaThread "jar transforms Thread 11" [_thread_blocked, id=20560, stack(0x0000009e01500000,0x0000009e01600000)]
  0x000001c97c077800 JavaThread "jar transforms Thread 12" [_thread_blocked, id=9676, stack(0x0000009e01600000,0x0000009e01700000)]
  0x000001c97c07e000 JavaThread "jar transforms Thread 13" [_thread_blocked, id=9528, stack(0x0000009e01700000,0x0000009e01800000)]
  0x000001c97c078000 JavaThread "jar transforms Thread 14" [_thread_blocked, id=12104, stack(0x0000009e01800000,0x0000009e01900000)]
  0x000001c97c07e800 JavaThread "jar transforms Thread 15" [_thread_blocked, id=21560, stack(0x0000009e01900000,0x0000009e01a00000)]
  0x000001c97c07f800 JavaThread "jar transforms Thread 16" [_thread_blocked, id=21408, stack(0x0000009e01a00000,0x0000009e01b00000)]
  0x000001c97c080800 JavaThread "jar transforms Thread 17" [_thread_blocked, id=16996, stack(0x0000009e01b00000,0x0000009e01c00000)]
  0x000001c97c082000 JavaThread "jar transforms Thread 18" [_thread_blocked, id=19912, stack(0x0000009e01d00000,0x0000009e01e00000)]
  0x000001c97c081000 JavaThread "jar transforms Thread 19" [_thread_blocked, id=3840, stack(0x0000009e01e00000,0x0000009e01f00000)]
  0x000001c97c083800 JavaThread "jar transforms Thread 20" [_thread_blocked, id=19460, stack(0x0000009e01f00000,0x0000009e02000000)]
  0x000001c97c082800 JavaThread "jar transforms Thread 21" [_thread_blocked, id=1896, stack(0x0000009e02000000,0x0000009e02100000)]
  0x000001c97a015000 JavaThread "jar transforms Thread 22" [_thread_blocked, id=10172, stack(0x0000009e02100000,0x0000009e02200000)]
  0x000001c97a017000 JavaThread "jar transforms Thread 23" [_thread_blocked, id=21616, stack(0x0000009e02200000,0x0000009e02300000)]
  0x000001c97a012800 JavaThread "jar transforms Thread 24" [_thread_blocked, id=22336, stack(0x0000009e02300000,0x0000009e02400000)]
  0x000001c97a018000 JavaThread "jar transforms Thread 25" [_thread_blocked, id=22660, stack(0x0000009e02400000,0x0000009e02500000)]
  0x000001c97a019000 JavaThread "jar transforms Thread 26" [_thread_blocked, id=14604, stack(0x0000009e02500000,0x0000009e02600000)]
  0x000001c97a015800 JavaThread "jar transforms Thread 27" [_thread_blocked, id=12200, stack(0x0000009e02600000,0x0000009e02700000)]
  0x000001c97a013000 JavaThread "jar transforms Thread 28" [_thread_blocked, id=6988, stack(0x0000009e02700000,0x0000009e02800000)]
  0x000001c97a019800 JavaThread "jar transforms Thread 29" [_thread_blocked, id=6088, stack(0x0000009e02800000,0x0000009e02900000)]
  0x000001c97a016800 JavaThread "jar transforms Thread 30" [_thread_blocked, id=17248, stack(0x0000009e02900000,0x0000009e02a00000)]
  0x000001c97a014000 JavaThread "jar transforms Thread 31" [_thread_blocked, id=12252, stack(0x0000009e02a00000,0x0000009e02b00000)]
  0x000001c97a01d000 JavaThread "jar transforms Thread 32" [_thread_blocked, id=1288, stack(0x0000009e02b00000,0x0000009e02c00000)]
  0x000001c97a020000 JavaThread "jar transforms Thread 33" [_thread_blocked, id=11724, stack(0x0000009e02c00000,0x0000009e02d00000)]
  0x000001c97a01b800 JavaThread "jar transforms Thread 34" [_thread_blocked, id=14324, stack(0x0000009e02d00000,0x0000009e02e00000)]
  0x000001c97a01f800 JavaThread "jar transforms Thread 35" [_thread_blocked, id=18700, stack(0x0000009e02e00000,0x0000009e02f00000)]
  0x000001c97a01a800 JavaThread "jar transforms Thread 36" [_thread_blocked, id=16116, stack(0x0000009e02f00000,0x0000009e03000000)]
  0x000001c97a021000 JavaThread "jar transforms Thread 37" [_thread_blocked, id=9896, stack(0x0000009e03000000,0x0000009e03100000)]
  0x000001c97a01c000 JavaThread "jar transforms Thread 38" [_thread_blocked, id=17916, stack(0x0000009e03100000,0x0000009e03200000)]
  0x000001c97a01d800 JavaThread "jar transforms Thread 39" [_thread_blocked, id=21608, stack(0x0000009e03200000,0x0000009e03300000)]
  0x000001c97a01e800 JavaThread "jar transforms Thread 40" [_thread_blocked, id=20252, stack(0x0000009e03300000,0x0000009e03400000)]
  0x000001c97bd53800 JavaThread "jar transforms Thread 41" [_thread_blocked, id=20436, stack(0x0000009e03400000,0x0000009e03500000)]
  0x000001c97bd52800 JavaThread "jar transforms Thread 42" [_thread_blocked, id=5688, stack(0x0000009e03500000,0x0000009e03600000)]
  0x000001c97bd4f800 JavaThread "jar transforms Thread 43" [_thread_blocked, id=8376, stack(0x0000009e03600000,0x0000009e03700000)]
  0x000001c97bd50800 JavaThread "jar transforms Thread 44" [_thread_blocked, id=22936, stack(0x0000009e03700000,0x0000009e03800000)]
  0x000001c97bd51000 JavaThread "jar transforms Thread 45" [_thread_blocked, id=19596, stack(0x0000009e03800000,0x0000009e03900000)]
  0x000001c97bd52000 JavaThread "jar transforms Thread 46" [_thread_blocked, id=7284, stack(0x0000009e03900000,0x0000009e03a00000)]
  0x000001c97bd4e000 JavaThread "jar transforms Thread 47" [_thread_blocked, id=22020, stack(0x0000009e03a00000,0x0000009e03b00000)]
  0x000001c97bd4e800 JavaThread "jar transforms Thread 48" [_thread_blocked, id=14028, stack(0x0000009e03b00000,0x0000009e03c00000)]
  0x000001c97bd57000 JavaThread "jar transforms Thread 49" [_thread_blocked, id=7468, stack(0x0000009e03c00000,0x0000009e03d00000)]
  0x000001c97bd57800 JavaThread "jar transforms Thread 50" [_thread_blocked, id=19392, stack(0x0000009e03d00000,0x0000009e03e00000)]
  0x000001c97bd58800 JavaThread "jar transforms Thread 51" [_thread_blocked, id=15428, stack(0x0000009e03e00000,0x0000009e03f00000)]
  0x000001c97bd56000 JavaThread "jar transforms Thread 52" [_thread_blocked, id=13656, stack(0x0000009e03f00000,0x0000009e04000000)]
  0x000001c97bd59000 JavaThread "jar transforms Thread 53" [_thread_blocked, id=18708, stack(0x0000009e04000000,0x0000009e04100000)]
  0x000001c97bd55000 JavaThread "jar transforms Thread 54" [_thread_blocked, id=10316, stack(0x0000009e04100000,0x0000009e04200000)]
  0x000001c97bd5a000 JavaThread "jar transforms Thread 55" [_thread_blocked, id=18744, stack(0x0000009e04200000,0x0000009e04300000)]
  0x000001c97bd54800 JavaThread "jar transforms Thread 56" [_thread_blocked, id=18268, stack(0x0000009e04300000,0x0000009e04400000)]
  0x000001c97bd5b800 JavaThread "jar transforms Thread 57" [_thread_blocked, id=7044, stack(0x0000009e04400000,0x0000009e04500000)]
  0x000001c97bd5b000 JavaThread "jar transforms Thread 58" [_thread_blocked, id=12424, stack(0x0000009e04500000,0x0000009e04600000)]
  0x000001c97bd5c800 JavaThread "jar transforms Thread 59" [_thread_blocked, id=7840, stack(0x0000009e01c00000,0x0000009e01d00000)]
  0x000001c979ff9000 JavaThread "jar transforms Thread 60" [_thread_blocked, id=12100, stack(0x0000009e04600000,0x0000009e04700000)]
  0x000001c979ffc800 JavaThread "jar transforms Thread 61" [_thread_blocked, id=10020, stack(0x0000009e04700000,0x0000009e04800000)]
  0x000001c979ff6800 JavaThread "jar transforms Thread 62" [_thread_blocked, id=16760, stack(0x0000009e04800000,0x0000009e04900000)]
  0x000001c979ffd800 JavaThread "jar transforms Thread 63" [_thread_blocked, id=10072, stack(0x0000009e04900000,0x0000009e04a00000)]
  0x000001c979ffb000 JavaThread "jar transforms Thread 64" [_thread_blocked, id=18436, stack(0x0000009e04a00000,0x0000009e04b00000)]
  0x000001c979ffb800 JavaThread "jar transforms Thread 65" [_thread_blocked, id=10740, stack(0x0000009e04b00000,0x0000009e04c00000)]
  0x000001c979ff8800 JavaThread "jar transforms Thread 66" [_thread_blocked, id=8336, stack(0x0000009e04c00000,0x0000009e04d00000)]
  0x000001c979ff7800 JavaThread "jar transforms Thread 67" [_thread_blocked, id=9928, stack(0x0000009e04d00000,0x0000009e04e00000)]
  0x000001c979ffe000 JavaThread "jar transforms Thread 68" [_thread_blocked, id=6112, stack(0x0000009e04e00000,0x0000009e04f00000)]
  0x000001c979fff000 JavaThread "jar transforms Thread 69" [_thread_blocked, id=17192, stack(0x0000009e04f00000,0x0000009e05000000)]
  0x000001c979fff800 JavaThread "jar transforms Thread 70" [_thread_blocked, id=20864, stack(0x0000009e05000000,0x0000009e05100000)]
  0x000001c979ffa000 JavaThread "jar transforms Thread 71" [_thread_blocked, id=2592, stack(0x0000009e05100000,0x0000009e05200000)]
  0x000001c97a003000 JavaThread "jar transforms Thread 72" [_thread_blocked, id=7216, stack(0x0000009e05200000,0x0000009e05300000)]
  0x000001c97a004800 JavaThread "jar transforms Thread 73" [_thread_blocked, id=1516, stack(0x0000009e05300000,0x0000009e05400000)]
  0x000001c97a001800 JavaThread "jar transforms Thread 74" [_thread_blocked, id=10160, stack(0x0000009e05400000,0x0000009e05500000)]
  0x000001c97a000800 JavaThread "jar transforms Thread 75" [_thread_blocked, id=21592, stack(0x0000009e05500000,0x0000009e05600000)]
  0x000001c97a004000 JavaThread "jar transforms Thread 76" [_thread_blocked, id=10840, stack(0x0000009e05600000,0x0000009e05700000)]
  0x000001c97a002000 JavaThread "jar transforms Thread 77" [_thread_blocked, id=7680, stack(0x0000009e05700000,0x0000009e05800000)]
  0x000001c97a005800 JavaThread "jar transforms Thread 78" [_thread_blocked, id=14428, stack(0x0000009e05800000,0x0000009e05900000)]
  0x000001c901387000 JavaThread "jar transforms Thread 79" [_thread_blocked, id=13556, stack(0x0000009e05900000,0x0000009e05a00000)]
  0x000001c901387800 JavaThread "jar transforms Thread 80" [_thread_blocked, id=14192, stack(0x0000009e05a00000,0x0000009e05b00000)]
  0x000001c901384800 JavaThread "jar transforms Thread 81" [_thread_blocked, id=18464, stack(0x0000009e05b00000,0x0000009e05c00000)]
  0x000001c901388800 JavaThread "jar transforms Thread 82" [_thread_blocked, id=18900, stack(0x0000009e05c00000,0x0000009e05d00000)]
  0x000001c901385000 JavaThread "jar transforms Thread 83" [_thread_blocked, id=3660, stack(0x0000009e05d00000,0x0000009e05e00000)]
  0x000001c901383000 JavaThread "jar transforms Thread 84" [_thread_blocked, id=10680, stack(0x0000009e05e00000,0x0000009e05f00000)]
  0x000001c901386000 JavaThread "jar transforms Thread 85" [_thread_blocked, id=20012, stack(0x0000009e05f00000,0x0000009e06000000)]
  0x000001c901389800 JavaThread "jar transforms Thread 86" [_thread_blocked, id=13080, stack(0x0000009e06000000,0x0000009e06100000)]
  0x000001c901383800 JavaThread "jar transforms Thread 87" [_thread_blocked, id=17484, stack(0x0000009e06100000,0x0000009e06200000)]
  0x000001c90138c800 JavaThread "jar transforms Thread 88" [_thread_blocked, id=15968, stack(0x0000009e06200000,0x0000009e06300000)]
  0x000001c90138b000 JavaThread "jar transforms Thread 89" [_thread_blocked, id=12892, stack(0x0000009e06300000,0x0000009e06400000)]
  0x000001c90138a000 JavaThread "jar transforms Thread 90" [_thread_blocked, id=7704, stack(0x0000009e06400000,0x0000009e06500000)]
  0x000001c901390800 JavaThread "jar transforms Thread 91" [_thread_blocked, id=17428, stack(0x0000009e06500000,0x0000009e06600000)]
  0x000001c901391800 JavaThread "jar transforms Thread 92" [_thread_blocked, id=22104, stack(0x0000009e06600000,0x0000009e06700000)]
  0x000001c901390000 JavaThread "jar transforms Thread 93" [_thread_blocked, id=2604, stack(0x0000009e06700000,0x0000009e06800000)]
  0x000001c90138c000 JavaThread "jar transforms Thread 94" [_thread_blocked, id=13324, stack(0x0000009e06800000,0x0000009e06900000)]
  0x000001c90138d800 JavaThread "jar transforms Thread 95" [_thread_blocked, id=1292, stack(0x0000009e06900000,0x0000009e06a00000)]
  0x000001c90138e000 JavaThread "jar transforms Thread 96" [_thread_blocked, id=15200, stack(0x0000009e06a00000,0x0000009e06b00000)]
  0x000001c90138f000 JavaThread "jar transforms Thread 97" [_thread_blocked, id=22796, stack(0x0000009e06b00000,0x0000009e06c00000)]
  0x000001c900fa2800 JavaThread "jar transforms Thread 98" [_thread_blocked, id=16700, stack(0x0000009e06c00000,0x0000009e06d00000)]
  0x000001c900fa4000 JavaThread "jar transforms Thread 99" [_thread_blocked, id=11444, stack(0x0000009e06d00000,0x0000009e06e00000)]
  0x000001c900fa3000 JavaThread "jar transforms Thread 100" [_thread_blocked, id=11684, stack(0x0000009e06e00000,0x0000009e06f00000)]
  0x000001c900fa0000 JavaThread "jar transforms Thread 101" [_thread_blocked, id=8444, stack(0x0000009e06f00000,0x0000009e07000000)]
  0x000001c900f9f000 JavaThread "jar transforms Thread 102" [_thread_blocked, id=16088, stack(0x0000009e07000000,0x0000009e07100000)]
  0x000001c900fa4800 JavaThread "jar transforms Thread 103" [_thread_blocked, id=18420, stack(0x0000009e07100000,0x0000009e07200000)]
  0x000001c900fa5800 JavaThread "jar transforms Thread 104" [_thread_blocked, id=6472, stack(0x0000009e07200000,0x0000009e07300000)]
  0x000001c900fa6800 JavaThread "jar transforms Thread 105" [_thread_blocked, id=14348, stack(0x0000009e07300000,0x0000009e07400000)]
  0x000001c900fa1800 JavaThread "jar transforms Thread 106" [_thread_blocked, id=21452, stack(0x0000009e07400000,0x0000009e07500000)]
  0x000001c900fa0800 JavaThread "jar transforms Thread 107" [_thread_blocked, id=18684, stack(0x0000009e07500000,0x0000009e07600000)]
  0x000001c900fa7000 JavaThread "jar transforms Thread 108" [_thread_blocked, id=22180, stack(0x0000009e07600000,0x0000009e07700000)]
  0x000001c900fa9800 JavaThread "jar transforms Thread 109" [_thread_blocked, id=10268, stack(0x0000009e07700000,0x0000009e07800000)]
  0x000001c900fac000 JavaThread "jar transforms Thread 110" [_thread_blocked, id=19144, stack(0x0000009e07800000,0x0000009e07900000)]
  0x000001c900fad000 JavaThread "jar transforms Thread 111" [_thread_blocked, id=18864, stack(0x0000009e07900000,0x0000009e07a00000)]
  0x000001c900faa800 JavaThread "jar transforms Thread 112" [_thread_blocked, id=17664, stack(0x0000009e07a00000,0x0000009e07b00000)]
  0x000001c900fab800 JavaThread "jar transforms Thread 113" [_thread_blocked, id=10472, stack(0x0000009e07b00000,0x0000009e07c00000)]
  0x000001c900fad800 JavaThread "jar transforms Thread 114" [_thread_blocked, id=14240, stack(0x0000009e07c00000,0x0000009e07d00000)]
  0x000001c900fa8000 JavaThread "jar transforms Thread 115" [_thread_blocked, id=8756, stack(0x0000009e07d00000,0x0000009e07e00000)]
  0x000001c900fa9000 JavaThread "jar transforms Thread 116" [_thread_blocked, id=19448, stack(0x0000009e07e00000,0x0000009e07f00000)]
  0x000001c97c875800 JavaThread "C2 CompilerThread1" daemon [_thread_in_native, id=12960, stack(0x0000009e08600000,0x0000009e08700000)]
  0x000001c90085d800 JavaThread "C2 CompilerThread2" daemon [_thread_in_native, id=23268, stack(0x0000009e08700000,0x0000009e08800000)]

Other Threads:
  0x000001c9792d2800 VMThread "VM Thread" [stack: 0x0000009e7d800000,0x0000009e7d900000] [id=7900]
  0x000001c979cca000 WatcherThread [stack: 0x0000009e7e200000,0x0000009e7e300000] [id=11808]
  0x000001c95efc3000 GCTaskThread "GC Thread#0" [stack: 0x0000009e7d300000,0x0000009e7d400000] [id=5596]
  0x000001c97a923000 GCTaskThread "GC Thread#1" [stack: 0x0000009e7e400000,0x0000009e7e500000] [id=1804]
  0x000001c97ab83800 GCTaskThread "GC Thread#2" [stack: 0x0000009e7e500000,0x0000009e7e600000] [id=23496]
  0x000001c97ab84000 GCTaskThread "GC Thread#3" [stack: 0x0000009e7e600000,0x0000009e7e700000] [id=13940]
  0x000001c97bc25000 GCTaskThread "GC Thread#4" [stack: 0x0000009e7f400000,0x0000009e7f500000] [id=23136]
  0x000001c97c6eb000 GCTaskThread "GC Thread#5" [stack: 0x0000009e7f500000,0x0000009e7f600000] [id=7628]
  0x000001c97bd85000 GCTaskThread "GC Thread#6" [stack: 0x0000009e7f600000,0x0000009e7f700000] [id=14944]
  0x000001c97ccf7800 GCTaskThread "GC Thread#7" [stack: 0x0000009e7f700000,0x0000009e7f800000] [id=11368]
  0x000001c95eff4800 ConcurrentGCThread "G1 Main Marker" [stack: 0x0000009e7d400000,0x0000009e7d500000] [id=13904]
  0x000001c95eff8800 ConcurrentGCThread "G1 Conc#0" [stack: 0x0000009e7d500000,0x0000009e7d600000] [id=19692]
  0x000001c97a8de000 ConcurrentGCThread "G1 Conc#1" [stack: 0x0000009e7f800000,0x0000009e7f900000] [id=23456]
  0x000001c95f08e000 ConcurrentGCThread "G1 Refine#0" [stack: 0x0000009e7d600000,0x0000009e7d700000] [id=23300]
  0x000001c97cd34800 ConcurrentGCThread "G1 Refine#1" [stack: 0x0000009e07f00000,0x0000009e08000000] [id=20756]
  0x000001c97c8f9800 ConcurrentGCThread "G1 Refine#2" [stack: 0x0000009e08000000,0x0000009e08100000] [id=9164]
  0x000001c900c88000 ConcurrentGCThread "G1 Refine#3" [stack: 0x0000009e08100000,0x0000009e08200000] [id=10416]
  0x000001c9015a5800 ConcurrentGCThread "G1 Refine#4" [stack: 0x0000009e08200000,0x0000009e08300000] [id=10452]
  0x000001c900a00800 ConcurrentGCThread "G1 Refine#5" [stack: 0x0000009e08300000,0x0000009e08400000] [id=12336]
  0x000001c9019e3800 ConcurrentGCThread "G1 Refine#6" [stack: 0x0000009e08400000,0x0000009e08500000] [id=22648]
  0x000001c97c017000 ConcurrentGCThread "G1 Refine#7" [stack: 0x0000009e08500000,0x0000009e08600000] [id=19480]
  0x000001c979120800 ConcurrentGCThread "G1 Young RemSet Sampling" [stack: 0x0000009e7d700000,0x0000009e7d800000] [id=20536]

Threads with active compile tasks:
C2 CompilerThread0  13863 4760       4       java.net.URLClassLoader::getAndVerifyPackage (109 bytes)
C1 CompilerThread0  13863 4848       3       kotlin.jvm.internal.Intrinsics::checkExpressionValueIsNotNull (38 bytes)
C2 CompilerThread1  13863 4817       4       org.apache.xerces.xni.QName::setValues (33 bytes)
C2 CompilerThread2  13863 4793       4       java.lang.String::<init> (14 bytes)

VM state:not at safepoint (normal execution)

VM Mutex/Monitor currently owned by a thread: None

Heap address: 0x0000000080000000, size: 2048 MB, Compressed Oops mode: 32-bit
Narrow klass base: 0x0000000000000000, Narrow klass shift: 3
Compressed class space size: 1073741824 Address: 0x0000000100000000

Heap:
 garbage-first heap   total 194560K, used 91173K [0x0000000080000000, 0x0000000100000000)
  region size 1024K, 58 young (59392K), 11 survivors (11264K)
 Metaspace       used 51330K, capacity 52477K, committed 52608K, reserved 1095680K
  class space    used 6542K, capacity 6974K, committed 7040K, reserved 1048576K
Heap Regions: E=young(eden), S=young(survivor), O=old, HS=humongous(starts), HC=humongous(continues), CS=collection set, F=free, A=archive, TAMS=top-at-mark-start (previous, next)
|   0|0x0000000080000000, 0x0000000080100000, 0x0000000080100000|100%| O|  |TAMS 0x0000000080100000, 0x0000000080000000| Untracked 
|   1|0x0000000080100000, 0x0000000080200000, 0x0000000080200000|100%| O|  |TAMS 0x0000000080200000, 0x0000000080100000| Untracked 
|   2|0x0000000080200000, 0x0000000080300000, 0x0000000080300000|100%| O|  |TAMS 0x0000000080300000, 0x0000000080200000| Untracked 
|   3|0x0000000080300000, 0x0000000080400000, 0x0000000080400000|100%|HS|  |TAMS 0x0000000080400000, 0x0000000080300000| Complete 
|   4|0x0000000080400000, 0x0000000080500000, 0x0000000080500000|100%|HC|  |TAMS 0x0000000080500000, 0x0000000080400000| Complete 
|   5|0x0000000080500000, 0x0000000080600000, 0x0000000080600000|100%|HC|  |TAMS 0x0000000080600000, 0x0000000080500000| Complete 
|   6|0x0000000080600000, 0x0000000080700000, 0x0000000080700000|100%| O|  |TAMS 0x0000000080700000, 0x0000000080600000| Untracked 
|   7|0x0000000080700000, 0x0000000080800000, 0x0000000080800000|100%| O|  |TAMS 0x0000000080800000, 0x0000000080700000| Untracked 
|   8|0x0000000080800000, 0x0000000080900000, 0x0000000080900000|100%| O|  |TAMS 0x0000000080900000, 0x0000000080800000| Untracked 
|   9|0x0000000080900000, 0x0000000080a00000, 0x0000000080a00000|100%| O|  |TAMS 0x0000000080a00000, 0x0000000080900000| Untracked 
|  10|0x0000000080a00000, 0x0000000080b00000, 0x0000000080b00000|100%| O|  |TAMS 0x0000000080b00000, 0x0000000080a00000| Untracked 
|  11|0x0000000080b00000, 0x0000000080c00000, 0x0000000080c00000|100%| O|  |TAMS 0x0000000080c00000, 0x0000000080b00000| Untracked 
|  12|0x0000000080c00000, 0x0000000080d00000, 0x0000000080d00000|100%| O|  |TAMS 0x0000000080d00000, 0x0000000080c00000| Untracked 
|  13|0x0000000080d00000, 0x0000000080e00000, 0x0000000080e00000|100%| O|  |TAMS 0x0000000080e00000, 0x0000000080d00000| Untracked 
|  14|0x0000000080e00000, 0x0000000080f00000, 0x0000000080f00000|100%| O|  |TAMS 0x0000000080f00000, 0x0000000080e00000| Untracked 
|  15|0x0000000080f00000, 0x0000000081000000, 0x0000000081000000|100%| O|  |TAMS 0x0000000080f8be00, 0x0000000080f00000| Untracked 
|  16|0x0000000081000000, 0x0000000081100000, 0x0000000081100000|100%|HS|  |TAMS 0x0000000081000000, 0x0000000081000000| Complete 
|  17|0x0000000081100000, 0x0000000081200000, 0x0000000081200000|100%|HS|  |TAMS 0x0000000081100000, 0x0000000081100000| Complete 
|  18|0x0000000081200000, 0x0000000081300000, 0x0000000081300000|100%|HC|  |TAMS 0x0000000081200000, 0x0000000081200000| Complete 
|  19|0x0000000081300000, 0x0000000081400000, 0x0000000081400000|100%|HC|  |TAMS 0x0000000081300000, 0x0000000081300000| Complete 
|  20|0x0000000081400000, 0x0000000081500000, 0x0000000081500000|100%| O|  |TAMS 0x0000000081400000, 0x0000000081400000| Untracked 
|  21|0x0000000081500000, 0x0000000081600000, 0x0000000081600000|100%|HS|  |TAMS 0x0000000081500000, 0x0000000081500000| Complete 
|  22|0x0000000081600000, 0x0000000081700000, 0x0000000081700000|100%|HC|  |TAMS 0x0000000081600000, 0x0000000081600000| Complete 
|  23|0x0000000081700000, 0x0000000081800000, 0x0000000081800000|100%| O|  |TAMS 0x0000000081700000, 0x0000000081700000| Untracked 
|  24|0x0000000081800000, 0x0000000081900000, 0x0000000081900000|100%| O|  |TAMS 0x0000000081800000, 0x0000000081800000| Untracked 
|  25|0x0000000081900000, 0x0000000081a00000, 0x0000000081a00000|100%| O|  |TAMS 0x0000000081900000, 0x0000000081900000| Untracked 
|  26|0x0000000081a00000, 0x0000000081b00000, 0x0000000081b00000|100%| O|  |TAMS 0x0000000081a00000, 0x0000000081a00000| Untracked 
|  27|0x0000000081b00000, 0x0000000081c00000, 0x0000000081c00000|100%| O|  |TAMS 0x0000000081b00000, 0x0000000081b00000| Untracked 
|  28|0x0000000081c00000, 0x0000000081d00000, 0x0000000081d00000|100%| O|  |TAMS 0x0000000081c00000, 0x0000000081c00000| Untracked 
|  29|0x0000000081d00000, 0x0000000081e00000, 0x0000000081e00000|100%| O|  |TAMS 0x0000000081d00000, 0x0000000081d00000| Untracked 
|  30|0x0000000081e00000, 0x0000000081f00000, 0x0000000081f00000|100%| O|  |TAMS 0x0000000081e00000, 0x0000000081e00000| Untracked 
|  31|0x0000000081f00000, 0x0000000082000000, 0x0000000082000000|100%| O|  |TAMS 0x0000000081f00000, 0x0000000081f00000| Untracked 
|  32|0x0000000082000000, 0x0000000082009400, 0x0000000082100000|  3%| O|  |TAMS 0x0000000082000000, 0x0000000082000000| Untracked 
|  33|0x0000000082100000, 0x0000000082100000, 0x0000000082200000|  0%| F|  |TAMS 0x0000000082100000, 0x0000000082100000| Untracked 
|  34|0x0000000082200000, 0x0000000082200000, 0x0000000082300000|  0%| F|  |TAMS 0x0000000082200000, 0x0000000082200000| Untracked 
|  35|0x0000000082300000, 0x0000000082300000, 0x0000000082400000|  0%| F|  |TAMS 0x0000000082300000, 0x0000000082300000| Untracked 
|  36|0x0000000082400000, 0x0000000082400000, 0x0000000082500000|  0%| F|  |TAMS 0x0000000082400000, 0x0000000082400000| Untracked 
|  37|0x0000000082500000, 0x0000000082500000, 0x0000000082600000|  0%| F|  |TAMS 0x0000000082500000, 0x0000000082500000| Untracked 
|  38|0x0000000082600000, 0x0000000082600000, 0x0000000082700000|  0%| F|  |TAMS 0x0000000082600000, 0x0000000082600000| Untracked 
|  39|0x0000000082700000, 0x0000000082700000, 0x0000000082800000|  0%| F|  |TAMS 0x0000000082700000, 0x0000000082700000| Untracked 
|  40|0x0000000082800000, 0x0000000082800000, 0x0000000082900000|  0%| F|  |TAMS 0x0000000082800000, 0x0000000082800000| Untracked 
|  41|0x0000000082900000, 0x0000000082900000, 0x0000000082a00000|  0%| F|  |TAMS 0x0000000082900000, 0x0000000082900000| Untracked 
|  42|0x0000000082a00000, 0x0000000082a00000, 0x0000000082b00000|  0%| F|  |TAMS 0x0000000082a00000, 0x0000000082a00000| Untracked 
|  43|0x0000000082b00000, 0x0000000082b00000, 0x0000000082c00000|  0%| F|  |TAMS 0x0000000082b00000, 0x0000000082b00000| Untracked 
|  44|0x0000000082c00000, 0x0000000082c00000, 0x0000000082d00000|  0%| F|  |TAMS 0x0000000082c00000, 0x0000000082c00000| Untracked 
|  45|0x0000000082d00000, 0x0000000082d00000, 0x0000000082e00000|  0%| F|  |TAMS 0x0000000082d00000, 0x0000000082d00000| Untracked 
|  46|0x0000000082e00000, 0x0000000082e00000, 0x0000000082f00000|  0%| F|  |TAMS 0x0000000082e00000, 0x0000000082e00000| Untracked 
|  47|0x0000000082f00000, 0x0000000082f00000, 0x0000000083000000|  0%| F|  |TAMS 0x0000000082f00000, 0x0000000082f00000| Untracked 
|  48|0x0000000083000000, 0x0000000083000000, 0x0000000083100000|  0%| F|  |TAMS 0x0000000083000000, 0x0000000083000000| Untracked 
|  49|0x0000000083100000, 0x0000000083100000, 0x0000000083200000|  0%| F|  |TAMS 0x0000000083100000, 0x0000000083100000| Untracked 
|  50|0x0000000083200000, 0x0000000083200000, 0x0000000083300000|  0%| F|  |TAMS 0x0000000083200000, 0x0000000083200000| Untracked 
|  51|0x0000000083300000, 0x0000000083300000, 0x0000000083400000|  0%| F|  |TAMS 0x0000000083300000, 0x0000000083300000| Untracked 
|  52|0x0000000083400000, 0x0000000083400000, 0x0000000083500000|  0%| F|  |TAMS 0x0000000083400000, 0x0000000083400000| Untracked 
|  53|0x0000000083500000, 0x0000000083500000, 0x0000000083600000|  0%| F|  |TAMS 0x0000000083500000, 0x0000000083500000| Untracked 
|  54|0x0000000083600000, 0x0000000083600000, 0x0000000083700000|  0%| F|  |TAMS 0x0000000083600000, 0x0000000083600000| Untracked 
|  55|0x0000000083700000, 0x0000000083700000, 0x0000000083800000|  0%| F|  |TAMS 0x0000000083700000, 0x0000000083700000| Untracked 
|  56|0x0000000083800000, 0x0000000083800000, 0x0000000083900000|  0%| F|  |TAMS 0x0000000083800000, 0x0000000083800000| Untracked 
|  57|0x0000000083900000, 0x0000000083900000, 0x0000000083a00000|  0%| F|  |TAMS 0x0000000083900000, 0x0000000083900000| Untracked 
|  58|0x0000000083a00000, 0x0000000083a00000, 0x0000000083b00000|  0%| F|  |TAMS 0x0000000083a00000, 0x0000000083a00000| Untracked 
|  59|0x0000000083b00000, 0x0000000083b00000, 0x0000000083c00000|  0%| F|  |TAMS 0x0000000083b00000, 0x0000000083b00000| Untracked 
|  60|0x0000000083c00000, 0x0000000083c00000, 0x0000000083d00000|  0%| F|  |TAMS 0x0000000083c00000, 0x0000000083c00000| Untracked 
|  61|0x0000000083d00000, 0x0000000083d00000, 0x0000000083e00000|  0%| F|  |TAMS 0x0000000083d00000, 0x0000000083d00000| Untracked 
|  62|0x0000000083e00000, 0x0000000083e00000, 0x0000000083f00000|  0%| F|  |TAMS 0x0000000083e00000, 0x0000000083e00000| Untracked 
|  63|0x0000000083f00000, 0x0000000083f00000, 0x0000000084000000|  0%| F|  |TAMS 0x0000000083f00000, 0x0000000083f00000| Untracked 
|  64|0x0000000084000000, 0x0000000084000000, 0x0000000084100000|  0%| F|  |TAMS 0x0000000084000000, 0x0000000084000000| Untracked 
|  65|0x0000000084100000, 0x0000000084100000, 0x0000000084200000|  0%| F|  |TAMS 0x0000000084100000, 0x0000000084100000| Untracked 
|  66|0x0000000084200000, 0x0000000084200000, 0x0000000084300000|  0%| F|  |TAMS 0x0000000084200000, 0x0000000084200000| Untracked 
|  67|0x0000000084300000, 0x0000000084300000, 0x0000000084400000|  0%| F|  |TAMS 0x0000000084300000, 0x0000000084300000| Untracked 
|  68|0x0000000084400000, 0x0000000084400000, 0x0000000084500000|  0%| F|  |TAMS 0x0000000084400000, 0x0000000084400000| Untracked 
|  69|0x0000000084500000, 0x0000000084500000, 0x0000000084600000|  0%| F|  |TAMS 0x0000000084500000, 0x0000000084500000| Untracked 
|  70|0x0000000084600000, 0x0000000084600000, 0x0000000084700000|  0%| F|  |TAMS 0x0000000084600000, 0x0000000084600000| Untracked 
|  71|0x0000000084700000, 0x0000000084700000, 0x0000000084800000|  0%| F|  |TAMS 0x0000000084700000, 0x0000000084700000| Untracked 
|  72|0x0000000084800000, 0x0000000084800000, 0x0000000084900000|  0%| F|  |TAMS 0x0000000084800000, 0x0000000084800000| Untracked 
|  73|0x0000000084900000, 0x0000000084900000, 0x0000000084a00000|  0%| F|  |TAMS 0x0000000084900000, 0x0000000084900000| Untracked 
|  74|0x0000000084a00000, 0x0000000084a00000, 0x0000000084b00000|  0%| F|  |TAMS 0x0000000084a00000, 0x0000000084a00000| Untracked 
|  75|0x0000000084b00000, 0x0000000084b00000, 0x0000000084c00000|  0%| F|  |TAMS 0x0000000084b00000, 0x0000000084b00000| Untracked 
|  76|0x0000000084c00000, 0x0000000084c00000, 0x0000000084d00000|  0%| F|  |TAMS 0x0000000084c00000, 0x0000000084c00000| Untracked 
|  77|0x0000000084d00000, 0x0000000084d00000, 0x0000000084e00000|  0%| F|  |TAMS 0x0000000084d00000, 0x0000000084d00000| Untracked 
|  78|0x0000000084e00000, 0x0000000084e00000, 0x0000000084f00000|  0%| F|  |TAMS 0x0000000084e00000, 0x0000000084e00000| Untracked 
|  79|0x0000000084f00000, 0x0000000084f00000, 0x0000000085000000|  0%| F|  |TAMS 0x0000000084f00000, 0x0000000084f00000| Untracked 
|  80|0x0000000085000000, 0x0000000085000000, 0x0000000085100000|  0%| F|  |TAMS 0x0000000085000000, 0x0000000085000000| Untracked 
|  81|0x0000000085100000, 0x0000000085100000, 0x0000000085200000|  0%| F|  |TAMS 0x0000000085100000, 0x0000000085100000| Untracked 
|  82|0x0000000085200000, 0x0000000085200000, 0x0000000085300000|  0%| F|  |TAMS 0x0000000085200000, 0x0000000085200000| Untracked 
|  83|0x0000000085300000, 0x0000000085300000, 0x0000000085400000|  0%| F|  |TAMS 0x0000000085300000, 0x0000000085300000| Untracked 
|  84|0x0000000085400000, 0x0000000085400000, 0x0000000085500000|  0%| F|  |TAMS 0x0000000085400000, 0x0000000085400000| Untracked 
|  85|0x0000000085500000, 0x0000000085500000, 0x0000000085600000|  0%| F|  |TAMS 0x0000000085500000, 0x0000000085500000| Untracked 
|  86|0x0000000085600000, 0x0000000085600000, 0x0000000085700000|  0%| F|  |TAMS 0x0000000085600000, 0x0000000085600000| Untracked 
|  87|0x0000000085700000, 0x0000000085700000, 0x0000000085800000|  0%| F|  |TAMS 0x0000000085700000, 0x0000000085700000| Untracked 
|  88|0x0000000085800000, 0x0000000085800000, 0x0000000085900000|  0%| F|  |TAMS 0x0000000085800000, 0x0000000085800000| Untracked 
|  89|0x0000000085900000, 0x0000000085900000, 0x0000000085a00000|  0%| F|  |TAMS 0x0000000085900000, 0x0000000085900000| Untracked 
|  90|0x0000000085a00000, 0x0000000085a00000, 0x0000000085b00000|  0%| F|  |TAMS 0x0000000085a00000, 0x0000000085a00000| Untracked 
|  91|0x0000000085b00000, 0x0000000085c00000, 0x0000000085c00000|100%| S|CS|TAMS 0x0000000085b00000, 0x0000000085b00000| Complete 
|  92|0x0000000085c00000, 0x0000000085d00000, 0x0000000085d00000|100%| S|CS|TAMS 0x0000000085c00000, 0x0000000085c00000| Complete 
|  93|0x0000000085d00000, 0x0000000085e00000, 0x0000000085e00000|100%| S|CS|TAMS 0x0000000085d00000, 0x0000000085d00000| Complete 
|  94|0x0000000085e00000, 0x0000000085f00000, 0x0000000085f00000|100%| S|CS|TAMS 0x0000000085e00000, 0x0000000085e00000| Complete 
|  95|0x0000000085f00000, 0x0000000086000000, 0x0000000086000000|100%| S|CS|TAMS 0x0000000085f00000, 0x0000000085f00000| Complete 
|  96|0x0000000086000000, 0x0000000086100000, 0x0000000086100000|100%| S|CS|TAMS 0x0000000086000000, 0x0000000086000000| Complete 
|  97|0x0000000086100000, 0x0000000086200000, 0x0000000086200000|100%| S|CS|TAMS 0x0000000086100000, 0x0000000086100000| Complete 
|  98|0x0000000086200000, 0x0000000086300000, 0x0000000086300000|100%| S|CS|TAMS 0x0000000086200000, 0x0000000086200000| Complete 
|  99|0x0000000086300000, 0x0000000086400000, 0x0000000086400000|100%| S|CS|TAMS 0x0000000086300000, 0x0000000086300000| Complete 
| 100|0x0000000086400000, 0x0000000086500000, 0x0000000086500000|100%| S|CS|TAMS 0x0000000086400000, 0x0000000086400000| Complete 
| 101|0x0000000086500000, 0x0000000086500000, 0x0000000086600000|  0%| F|  |TAMS 0x0000000086500000, 0x0000000086500000| Untracked 
| 102|0x0000000086600000, 0x0000000086600000, 0x0000000086700000|  0%| F|  |TAMS 0x0000000086600000, 0x0000000086600000| Untracked 
| 103|0x0000000086700000, 0x0000000086700000, 0x0000000086800000|  0%| F|  |TAMS 0x0000000086700000, 0x0000000086700000| Untracked 
| 104|0x0000000086800000, 0x0000000086800000, 0x0000000086900000|  0%| F|  |TAMS 0x0000000086800000, 0x0000000086800000| Untracked 
| 105|0x0000000086900000, 0x0000000086900000, 0x0000000086a00000|  0%| F|  |TAMS 0x0000000086900000, 0x0000000086900000| Untracked 
| 106|0x0000000086a00000, 0x0000000086a00000, 0x0000000086b00000|  0%| F|  |TAMS 0x0000000086a00000, 0x0000000086a00000| Untracked 
| 107|0x0000000086b00000, 0x0000000086b00000, 0x0000000086c00000|  0%| F|  |TAMS 0x0000000086b00000, 0x0000000086b00000| Untracked 
| 108|0x0000000086c00000, 0x0000000086c00000, 0x0000000086d00000|  0%| F|  |TAMS 0x0000000086c00000, 0x0000000086c00000| Untracked 
| 109|0x0000000086d00000, 0x0000000086d00000, 0x0000000086e00000|  0%| F|  |TAMS 0x0000000086d00000, 0x0000000086d00000| Untracked 
| 110|0x0000000086e00000, 0x0000000086f00000, 0x0000000086f00000|100%| S|CS|TAMS 0x0000000086e00000, 0x0000000086e00000| Complete 
| 111|0x0000000086f00000, 0x0000000086f00000, 0x0000000087000000|  0%| F|  |TAMS 0x0000000086f00000, 0x0000000086f00000| Untracked 
| 112|0x0000000087000000, 0x0000000087000000, 0x0000000087100000|  0%| F|  |TAMS 0x0000000087000000, 0x0000000087000000| Untracked 
| 113|0x0000000087100000, 0x0000000087100000, 0x0000000087200000|  0%| F|  |TAMS 0x0000000087100000, 0x0000000087100000| Untracked 
| 114|0x0000000087200000, 0x0000000087200000, 0x0000000087300000|  0%| F|  |TAMS 0x0000000087200000, 0x0000000087200000| Untracked 
| 115|0x0000000087300000, 0x0000000087300000, 0x0000000087400000|  0%| F|  |TAMS 0x0000000087300000, 0x0000000087300000| Untracked 
| 116|0x0000000087400000, 0x0000000087400000, 0x0000000087500000|  0%| F|  |TAMS 0x0000000087400000, 0x0000000087400000| Untracked 
| 117|0x0000000087500000, 0x0000000087500000, 0x0000000087600000|  0%| F|  |TAMS 0x0000000087500000, 0x0000000087500000| Untracked 
| 118|0x0000000087600000, 0x0000000087600000, 0x0000000087700000|  0%| F|  |TAMS 0x0000000087600000, 0x0000000087600000| Untracked 
| 119|0x0000000087700000, 0x0000000087700000, 0x0000000087800000|  0%| F|  |TAMS 0x0000000087700000, 0x0000000087700000| Untracked 
| 120|0x0000000087800000, 0x0000000087800000, 0x0000000087900000|  0%| F|  |TAMS 0x0000000087800000, 0x0000000087800000| Untracked 
| 121|0x0000000087900000, 0x0000000087900000, 0x0000000087a00000|  0%| F|  |TAMS 0x0000000087900000, 0x0000000087900000| Untracked 
| 122|0x0000000087a00000, 0x0000000087a00000, 0x0000000087b00000|  0%| F|  |TAMS 0x0000000087a00000, 0x0000000087a00000| Untracked 
| 123|0x0000000087b00000, 0x0000000087b00000, 0x0000000087c00000|  0%| F|  |TAMS 0x0000000087b00000, 0x0000000087b00000| Untracked 
| 124|0x0000000087c00000, 0x0000000087c00000, 0x0000000087d00000|  0%| F|  |TAMS 0x0000000087c00000, 0x0000000087c00000| Untracked 
| 125|0x0000000087d00000, 0x0000000087d00000, 0x0000000087e00000|  0%| F|  |TAMS 0x0000000087d00000, 0x0000000087d00000| Untracked 
| 126|0x0000000087e00000, 0x0000000087e00000, 0x0000000087f00000|  0%| F|  |TAMS 0x0000000087e00000, 0x0000000087e00000| Untracked 
| 127|0x0000000087f00000, 0x0000000087f00000, 0x0000000088000000|  0%| F|  |TAMS 0x0000000087f00000, 0x0000000087f00000| Untracked 
| 128|0x0000000088000000, 0x0000000088000000, 0x0000000088100000|  0%| F|  |TAMS 0x0000000088000000, 0x0000000088000000| Untracked 
| 129|0x0000000088100000, 0x0000000088100000, 0x0000000088200000|  0%| F|  |TAMS 0x0000000088100000, 0x0000000088100000| Untracked 
| 130|0x0000000088200000, 0x0000000088200000, 0x0000000088300000|  0%| F|  |TAMS 0x0000000088200000, 0x0000000088200000| Untracked 
| 131|0x0000000088300000, 0x0000000088300000, 0x0000000088400000|  0%| F|  |TAMS 0x0000000088300000, 0x0000000088300000| Untracked 
| 132|0x0000000088400000, 0x0000000088400000, 0x0000000088500000|  0%| F|  |TAMS 0x0000000088400000, 0x0000000088400000| Untracked 
| 133|0x0000000088500000, 0x0000000088500000, 0x0000000088600000|  0%| F|  |TAMS 0x0000000088500000, 0x0000000088500000| Untracked 
| 134|0x0000000088600000, 0x0000000088600000, 0x0000000088700000|  0%| F|  |TAMS 0x0000000088600000, 0x0000000088600000| Untracked 
| 135|0x0000000088700000, 0x0000000088700000, 0x0000000088800000|  0%| F|  |TAMS 0x0000000088700000, 0x0000000088700000| Untracked 
| 136|0x0000000088800000, 0x0000000088800000, 0x0000000088900000|  0%| F|  |TAMS 0x0000000088800000, 0x0000000088800000| Untracked 
| 137|0x0000000088900000, 0x0000000088900000, 0x0000000088a00000|  0%| F|  |TAMS 0x0000000088900000, 0x0000000088900000| Untracked 
| 138|0x0000000088a00000, 0x0000000088a00000, 0x0000000088b00000|  0%| F|  |TAMS 0x0000000088a00000, 0x0000000088a00000| Untracked 
| 139|0x0000000088b00000, 0x0000000088b00000, 0x0000000088c00000|  0%| F|  |TAMS 0x0000000088b00000, 0x0000000088b00000| Untracked 
| 140|0x0000000088c00000, 0x0000000088c00000, 0x0000000088d00000|  0%| F|  |TAMS 0x0000000088c00000, 0x0000000088c00000| Untracked 
| 141|0x0000000088d00000, 0x0000000088d00000, 0x0000000088e00000|  0%| F|  |TAMS 0x0000000088d00000, 0x0000000088d00000| Untracked 
| 142|0x0000000088e00000, 0x0000000088e80800, 0x0000000088f00000| 50%| E|  |TAMS 0x0000000088e00000, 0x0000000088e00000| Complete 
| 143|0x0000000088f00000, 0x0000000089000000, 0x0000000089000000|100%| E|CS|TAMS 0x0000000088f00000, 0x0000000088f00000| Complete 
| 144|0x0000000089000000, 0x0000000089100000, 0x0000000089100000|100%| E|CS|TAMS 0x0000000089000000, 0x0000000089000000| Complete 
| 145|0x0000000089100000, 0x0000000089200000, 0x0000000089200000|100%| E|CS|TAMS 0x0000000089100000, 0x0000000089100000| Complete 
| 146|0x0000000089200000, 0x0000000089300000, 0x0000000089300000|100%| E|CS|TAMS 0x0000000089200000, 0x0000000089200000| Complete 
| 147|0x0000000089300000, 0x0000000089400000, 0x0000000089400000|100%| E|CS|TAMS 0x0000000089300000, 0x0000000089300000| Complete 
| 148|0x0000000089400000, 0x0000000089500000, 0x0000000089500000|100%| E|CS|TAMS 0x0000000089400000, 0x0000000089400000| Complete 
| 149|0x0000000089500000, 0x0000000089600000, 0x0000000089600000|100%| E|CS|TAMS 0x0000000089500000, 0x0000000089500000| Complete 
| 150|0x0000000089600000, 0x0000000089700000, 0x0000000089700000|100%| E|CS|TAMS 0x0000000089600000, 0x0000000089600000| Complete 
| 151|0x0000000089700000, 0x0000000089800000, 0x0000000089800000|100%| E|CS|TAMS 0x0000000089700000, 0x0000000089700000| Complete 
| 152|0x0000000089800000, 0x0000000089900000, 0x0000000089900000|100%| E|CS|TAMS 0x0000000089800000, 0x0000000089800000| Complete 
| 153|0x0000000089900000, 0x0000000089a00000, 0x0000000089a00000|100%| E|CS|TAMS 0x0000000089900000, 0x0000000089900000| Complete 
| 154|0x0000000089a00000, 0x0000000089b00000, 0x0000000089b00000|100%| E|CS|TAMS 0x0000000089a00000, 0x0000000089a00000| Complete 
| 155|0x0000000089b00000, 0x0000000089c00000, 0x0000000089c00000|100%| E|CS|TAMS 0x0000000089b00000, 0x0000000089b00000| Complete 
| 156|0x0000000089c00000, 0x0000000089d00000, 0x0000000089d00000|100%| E|CS|TAMS 0x0000000089c00000, 0x0000000089c00000| Complete 
| 157|0x0000000089d00000, 0x0000000089e00000, 0x0000000089e00000|100%| E|CS|TAMS 0x0000000089d00000, 0x0000000089d00000| Complete 
| 158|0x0000000089e00000, 0x0000000089f00000, 0x0000000089f00000|100%| E|CS|TAMS 0x0000000089e00000, 0x0000000089e00000| Complete 
| 159|0x0000000089f00000, 0x000000008a000000, 0x000000008a000000|100%| E|CS|TAMS 0x0000000089f00000, 0x0000000089f00000| Complete 
| 160|0x000000008a000000, 0x000000008a100000, 0x000000008a100000|100%| E|CS|TAMS 0x000000008a000000, 0x000000008a000000| Complete 
| 161|0x000000008a100000, 0x000000008a200000, 0x000000008a200000|100%| E|CS|TAMS 0x000000008a100000, 0x000000008a100000| Complete 
| 162|0x000000008a200000, 0x000000008a300000, 0x000000008a300000|100%| E|CS|TAMS 0x000000008a200000, 0x000000008a200000| Complete 
| 163|0x000000008a300000, 0x000000008a400000, 0x000000008a400000|100%| E|CS|TAMS 0x000000008a300000, 0x000000008a300000| Complete 
| 164|0x000000008a400000, 0x000000008a500000, 0x000000008a500000|100%| E|CS|TAMS 0x000000008a400000, 0x000000008a400000| Complete 
| 165|0x000000008a500000, 0x000000008a600000, 0x000000008a600000|100%| E|CS|TAMS 0x000000008a500000, 0x000000008a500000| Complete 
| 166|0x000000008a600000, 0x000000008a700000, 0x000000008a700000|100%| E|CS|TAMS 0x000000008a600000, 0x000000008a600000| Complete 
| 167|0x000000008a700000, 0x000000008a800000, 0x000000008a800000|100%| E|CS|TAMS 0x000000008a700000, 0x000000008a700000| Complete 
| 168|0x000000008a800000, 0x000000008a900000, 0x000000008a900000|100%| E|CS|TAMS 0x000000008a800000, 0x000000008a800000| Complete 
| 169|0x000000008a900000, 0x000000008aa00000, 0x000000008aa00000|100%| E|CS|TAMS 0x000000008a900000, 0x000000008a900000| Complete 
| 170|0x000000008aa00000, 0x000000008ab00000, 0x000000008ab00000|100%| E|CS|TAMS 0x000000008aa00000, 0x000000008aa00000| Complete 
| 171|0x000000008ab00000, 0x000000008ac00000, 0x000000008ac00000|100%| E|CS|TAMS 0x000000008ab00000, 0x000000008ab00000| Complete 
| 172|0x000000008ac00000, 0x000000008ad00000, 0x000000008ad00000|100%| E|CS|TAMS 0x000000008ac00000, 0x000000008ac00000| Complete 
| 173|0x000000008ad00000, 0x000000008ae00000, 0x000000008ae00000|100%| E|CS|TAMS 0x000000008ad00000, 0x000000008ad00000| Complete 
| 174|0x000000008ae00000, 0x000000008af00000, 0x000000008af00000|100%| E|CS|TAMS 0x000000008ae00000, 0x000000008ae00000| Complete 
| 175|0x000000008af00000, 0x000000008b000000, 0x000000008b000000|100%| E|CS|TAMS 0x000000008af00000, 0x000000008af00000| Complete 
| 176|0x000000008b000000, 0x000000008b100000, 0x000000008b100000|100%| E|CS|TAMS 0x000000008b000000, 0x000000008b000000| Complete 
| 177|0x000000008b100000, 0x000000008b200000, 0x000000008b200000|100%| E|CS|TAMS 0x000000008b100000, 0x000000008b100000| Complete 
| 178|0x000000008b200000, 0x000000008b300000, 0x000000008b300000|100%| E|CS|TAMS 0x000000008b200000, 0x000000008b200000| Complete 
| 179|0x000000008b300000, 0x000000008b400000, 0x000000008b400000|100%| E|CS|TAMS 0x000000008b300000, 0x000000008b300000| Complete 
| 180|0x000000008b400000, 0x000000008b500000, 0x000000008b500000|100%| E|CS|TAMS 0x000000008b400000, 0x000000008b400000| Complete 
| 181|0x000000008b500000, 0x000000008b600000, 0x000000008b600000|100%| E|CS|TAMS 0x000000008b500000, 0x000000008b500000| Complete 
| 182|0x000000008b600000, 0x000000008b700000, 0x000000008b700000|100%| E|CS|TAMS 0x000000008b600000, 0x000000008b600000| Complete 
| 183|0x000000008b700000, 0x000000008b800000, 0x000000008b800000|100%| E|CS|TAMS 0x000000008b700000, 0x000000008b700000| Complete 
| 184|0x000000008b800000, 0x000000008b900000, 0x000000008b900000|100%| E|CS|TAMS 0x000000008b800000, 0x000000008b800000| Complete 
| 185|0x000000008b900000, 0x000000008ba00000, 0x000000008ba00000|100%| E|CS|TAMS 0x000000008b900000, 0x000000008b900000| Complete 
| 186|0x000000008ba00000, 0x000000008bb00000, 0x000000008bb00000|100%| E|CS|TAMS 0x000000008ba00000, 0x000000008ba00000| Complete 
| 187|0x000000008bb00000, 0x000000008bc00000, 0x000000008bc00000|100%| E|CS|TAMS 0x000000008bb00000, 0x000000008bb00000| Complete 
| 188|0x000000008bc00000, 0x000000008bd00000, 0x000000008bd00000|100%| E|CS|TAMS 0x000000008bc00000, 0x000000008bc00000| Complete 
| 189|0x000000008bd00000, 0x000000008be00000, 0x000000008be00000|100%| E|CS|TAMS 0x000000008bd00000, 0x000000008bd00000| Complete 

Card table byte_map: [0x000001c972060000,0x000001c972460000] _byte_map_base: 0x000001c971c60000

Marking Bits (Prev, Next): (CMBitMap*) 0x000001c95efeb7a8, (CMBitMap*) 0x000001c95efeb7e0
 Prev Bits: [0x000001c972860000, 0x000001c974860000)
 Next Bits: [0x000001c974860000, 0x000001c976860000)

Polling page: 0x000001c95cec0000

Metaspace:

Usage:
  Non-class:     44.44 MB capacity,    43.76 MB ( 98%) used,   578.63 KB (  1%) free+waste,   114.69 KB ( <1%) overhead. 
      Class:      6.81 MB capacity,     6.39 MB ( 94%) used,   376.88 KB (  5%) free+waste,    54.81 KB ( <1%) overhead. 
       Both:     51.25 MB capacity,    50.15 MB ( 98%) used,   955.51 KB (  2%) free+waste,   169.50 KB ( <1%) overhead. 

Virtual space:
  Non-class space:       46.00 MB reserved,      44.50 MB ( 97%) committed 
      Class space:        1.00 GB reserved,       6.88 MB ( <1%) committed 
             Both:        1.04 GB reserved,      51.38 MB (  5%) committed 

Chunk freelists:
   Non-Class:  1.00 KB
       Class:  2.00 KB
        Both:  3.00 KB

MaxMetaspaceSize: 17179869184.00 GB
CompressedClassSpaceSize: 1.00 GB

CodeHeap 'non-profiled nmethods': size=120000Kb used=2552Kb max_used=2552Kb free=117448Kb
 bounds [0x000001c96a400000, 0x000001c96a680000, 0x000001c971930000]
CodeHeap 'profiled nmethods': size=120000Kb used=9684Kb max_used=9684Kb free=110315Kb
 bounds [0x000001c962ed0000, 0x000001c963850000, 0x000001c96a400000]
CodeHeap 'non-nmethods': size=5760Kb used=2205Kb max_used=2248Kb free=3555Kb
 bounds [0x000001c962930000, 0x000001c962ba0000, 0x000001c962ed0000]
 total_blobs=5404 nmethods=4626 adapters=688
 compilation: enabled
              stopped_count=0, restarted_count=0
 full_count=0

Compilation events (20 events):
Event: 13.658 Thread 0x000001c979b49800 4758       4       jdk.internal.jimage.ImageLocation::decompress (153 bytes)
Event: 13.664 Thread 0x000001c979b49800 nmethod 4758 0x000001c96a672e90 code [0x000001c96a673040, 0x000001c96a6732b8]
Event: 13.680 Thread 0x000001c979b49800 4759   !   4       java.util.concurrent.ConcurrentHashMap::putVal (432 bytes)
Event: 13.758 Thread 0x000001c979b49800 nmethod 4759 0x000001c96a673510 code [0x000001c96a673780, 0x000001c96a675700]
Event: 13.758 Thread 0x000001c979b49800 4762       4       jdk.internal.loader.URLClassPath$JarLoader::findResource (18 bytes)
Event: 13.759 Thread 0x000001c979b49800 nmethod 4762 0x000001c96a676810 code [0x000001c96a6769a0, 0x000001c96a676a48]
Event: 13.759 Thread 0x000001c979b49800 4761       4       jdk.internal.loader.ClassLoaders$BootClassLoader::loadClassOrNull (11 bytes)
Event: 13.765 Thread 0x000001c979b49800 nmethod 4761 0x000001c96a676b10 code [0x000001c96a676cc0, 0x000001c96a676ee8]
Event: 13.765 Thread 0x000001c979b49800 4760       4       java.net.URLClassLoader::getAndVerifyPackage (109 bytes)
Event: 13.799 Thread 0x000001c979b55000 4764       3       java.util.Arrays::fill (28 bytes)
Event: 13.799 Thread 0x000001c979b55000 nmethod 4764 0x000001c963805090 code [0x000001c963805260, 0x000001c963805468]
Event: 13.803 Thread 0x000001c979b55000 4766       3       org.apache.xerces.util.XMLChar::isContent (35 bytes)
Event: 13.803 Thread 0x000001c979b55000 nmethod 4766 0x000001c963805590 code [0x000001c963805740, 0x000001c963805958]
Event: 13.803 Thread 0x000001c979b55000 4767       1       org.apache.xerces.impl.XMLEntityManager$ScannedEntity::isExternal (5 bytes)
Event: 13.803 Thread 0x000001c979b55000 nmethod 4767 0x000001c96a677190 code [0x000001c96a677340, 0x000001c96a6773f8]
Event: 13.803 Thread 0x000001c979b55000 4768       3       org.apache.xerces.util.XMLChar::isName (23 bytes)
Event: 13.804 Thread 0x000001c979b55000 nmethod 4768 0x000001c963805a10 code [0x000001c963805bc0, 0x000001c963805d78]
Event: 13.804 Thread 0x000001c979b55000 4769       3       org.apache.xerces.dom.DeferredDocumentImpl::setChunkIndex (67 bytes)
Event: 13.804 Thread 0x000001c979b55000 nmethod 4769 0x000001c963805e90 code [0x000001c9638060a0, 0x000001c9638066b8]
Event: 13.804 Thread 0x000001c979b55000 4771       3       org.apache.xerces.util.XMLChar::isSpace (22 bytes)

GC Heap History (14 events):
Event: 1.740 GC heap before
{Heap before GC invocations=0 (full 0):
 garbage-first heap   total 194560K, used 29696K [0x0000000080000000, 0x0000000100000000)
  region size 1024K, 24 young (24576K), 0 survivors (0K)
 Metaspace       used 10681K, capacity 10887K, committed 11008K, reserved 1058816K
  class space    used 1129K, capacity 1201K, committed 1280K, reserved 1048576K
}
Event: 1.748 GC heap after
{Heap after GC invocations=1 (full 0):
 garbage-first heap   total 194560K, used 8796K [0x0000000080000000, 0x0000000100000000)
  region size 1024K, 3 young (3072K), 3 survivors (3072K)
 Metaspace       used 10681K, capacity 10887K, committed 11008K, reserved 1058816K
  class space    used 1129K, capacity 1201K, committed 1280K, reserved 1048576K
}
Event: 5.352 GC heap before
{Heap before GC invocations=1 (full 0):
 garbage-first heap   total 194560K, used 93788K [0x0000000080000000, 0x0000000100000000)
  region size 1024K, 88 young (90112K), 3 survivors (3072K)
 Metaspace       used 20637K, capacity 21112K, committed 21248K, reserved 1067008K
  class space    used 2533K, capacity 2711K, committed 2816K, reserved 1048576K
}
Event: 5.366 GC heap after
{Heap after GC invocations=2 (full 0):
 garbage-first heap   total 194560K, used 15905K [0x0000000080000000, 0x0000000100000000)
  region size 1024K, 10 young (10240K), 10 survivors (10240K)
 Metaspace       used 20637K, capacity 21112K, committed 21248K, reserved 1067008K
  class space    used 2533K, capacity 2711K, committed 2816K, reserved 1048576K
}
Event: 5.831 GC heap before
{Heap before GC invocations=3 (full 0):
 garbage-first heap   total 194560K, used 37409K [0x0000000080000000, 0x0000000100000000)
  region size 1024K, 32 young (32768K), 10 survivors (10240K)
 Metaspace       used 22820K, capacity 23393K, committed 23680K, reserved 1069056K
  class space    used 2915K, capacity 3111K, committed 3200K, reserved 1048576K
}
Event: 5.840 GC heap after
{Heap after GC invocations=4 (full 0):
 garbage-first heap   total 194560K, used 17270K [0x0000000080000000, 0x0000000100000000)
  region size 1024K, 2 young (2048K), 2 survivors (2048K)
 Metaspace       used 22820K, capacity 23393K, committed 23680K, reserved 1069056K
  class space    used 2915K, capacity 3111K, committed 3200K, reserved 1048576K
}
Event: 7.716 GC heap before
{Heap before GC invocations=4 (full 0):
 garbage-first heap   total 194560K, used 84854K [0x0000000080000000, 0x0000000100000000)
  region size 1024K, 69 young (70656K), 2 survivors (2048K)
 Metaspace       used 33804K, capacity 34468K, committed 34688K, reserved 1079296K
  class space    used 4375K, capacity 4634K, committed 4736K, reserved 1048576K
}
Event: 7.727 GC heap after
{Heap after GC invocations=5 (full 0):
 garbage-first heap   total 194560K, used 20924K [0x0000000080000000, 0x0000000100000000)
  region size 1024K, 5 young (5120K), 5 survivors (5120K)
 Metaspace       used 33804K, capacity 34468K, committed 34688K, reserved 1079296K
  class space    used 4375K, capacity 4634K, committed 4736K, reserved 1048576K
}
Event: 8.004 GC heap before
{Heap before GC invocations=5 (full 0):
 garbage-first heap   total 194560K, used 28092K [0x0000000080000000, 0x0000000100000000)
  region size 1024K, 13 young (13312K), 5 survivors (5120K)
 Metaspace       used 35123K, capacity 35776K, committed 35840K, reserved 1081344K
  class space    used 4569K, capacity 4857K, committed 4864K, reserved 1048576K
}
Event: 8.017 GC heap after
{Heap after GC invocations=6 (full 0):
 garbage-first heap   total 194560K, used 21630K [0x0000000080000000, 0x0000000100000000)
  region size 1024K, 6 young (6144K), 6 survivors (6144K)
 Metaspace       used 35123K, capacity 35776K, committed 35840K, reserved 1081344K
  class space    used 4569K, capacity 4857K, committed 4864K, reserved 1048576K
}
Event: 10.359 GC heap before
{Heap before GC invocations=7 (full 0):
 garbage-first heap   total 194560K, used 100478K [0x0000000080000000, 0x0000000100000000)
  region size 1024K, 80 young (81920K), 6 survivors (6144K)
 Metaspace       used 42114K, capacity 43046K, committed 43136K, reserved 1087488K
  class space    used 5406K, capacity 5720K, committed 5760K, reserved 1048576K
}
Event: 10.370 GC heap after
{Heap after GC invocations=8 (full 0):
 garbage-first heap   total 194560K, used 25690K [0x0000000080000000, 0x0000000100000000)
  region size 1024K, 9 young (9216K), 9 survivors (9216K)
 Metaspace       used 42114K, capacity 43046K, committed 43136K, reserved 1087488K
  class space    used 5406K, capacity 5720K, committed 5760K, reserved 1048576K
}
Event: 12.825 GC heap before
{Heap before GC invocations=8 (full 0):
 garbage-first heap   total 194560K, used 111706K [0x0000000080000000, 0x0000000100000000)
  region size 1024K, 88 young (90112K), 9 survivors (9216K)
 Metaspace       used 44989K, capacity 46110K, committed 46336K, reserved 1089536K
  class space    used 5764K, capacity 6143K, committed 6144K, reserved 1048576K
}
Event: 12.843 GC heap after
{Heap after GC invocations=9 (full 0):
 garbage-first heap   total 194560K, used 44069K [0x0000000080000000, 0x0000000100000000)
  region size 1024K, 11 young (11264K), 11 survivors (11264K)
 Metaspace       used 44989K, capacity 46110K, committed 46336K, reserved 1089536K
  class space    used 5764K, capacity 6143K, committed 6144K, reserved 1048576K
}

Deoptimization events (20 events):
Event: 13.178 Thread 0x000001c97b5a6800 Uncommon trap: trap_request=0xffffff4d fr.pc=0x000001c96a559cc8 relative=0x0000000000000748
Event: 13.178 Thread 0x000001c97b5a6800 Uncommon trap: reason=unstable_if action=reinterpret pc=0x000001c96a559cc8 method=java.io.BufferedInputStream.read([BII)I @ 56 c2
Event: 13.178 Thread 0x000001c97b5a6800 DEOPT PACKING pc=0x000001c96a559cc8 sp=0x0000009e7eef76e0
Event: 13.178 Thread 0x000001c97b5a6800 DEOPT UNPACKING pc=0x000001c9629574af sp=0x0000009e7eef7698 mode 2
Event: 13.180 Thread 0x000001c97b5a6800 Uncommon trap: trap_request=0xffffff4d fr.pc=0x000001c96a461cf4 relative=0x0000000000000054
Event: 13.180 Thread 0x000001c97b5a6800 Uncommon trap: reason=unstable_if action=reinterpret pc=0x000001c96a461cf4 method=java.util.regex.Pattern.has(I)Z @ 6 c2
Event: 13.180 Thread 0x000001c97b5a6800 DEOPT PACKING pc=0x000001c96a461cf4 sp=0x0000009e7eef6800
Event: 13.180 Thread 0x000001c97b5a6800 DEOPT UNPACKING pc=0x000001c9629574af sp=0x0000009e7eef6790 mode 2
Event: 13.200 Thread 0x000001c97b5a6800 Uncommon trap: trap_request=0xffffff45 fr.pc=0x000001c96a58d88c relative=0x0000000000000d4c
Event: 13.200 Thread 0x000001c97b5a6800 Uncommon trap: reason=unstable_fused_if action=reinterpret pc=0x000001c96a58d88c method=org.objectweb.asm.ByteVector.putUTF8(Ljava/lang/String;)Lorg/objectweb/asm/ByteVector; @ 93 c2
Event: 13.200 Thread 0x000001c97b5a6800 DEOPT PACKING pc=0x000001c96a58d88c sp=0x0000009e7eef8280
Event: 13.201 Thread 0x000001c97b5a6800 DEOPT UNPACKING pc=0x000001c9629574af sp=0x0000009e7eef81d8 mode 2
Event: 13.204 Thread 0x000001c97b5a6800 Uncommon trap: trap_request=0xffffff4d fr.pc=0x000001c96a5d7e28 relative=0x0000000000005ae8
Event: 13.204 Thread 0x000001c97b5a6800 Uncommon trap: reason=unstable_if action=reinterpret pc=0x000001c96a5d7e28 method=org.objectweb.asm.Frame.execute(IILorg/objectweb/asm/Symbol;Lorg/objectweb/asm/SymbolTable;)V @ 1 c2
Event: 13.204 Thread 0x000001c97b5a6800 DEOPT PACKING pc=0x000001c96a5d7e28 sp=0x0000009e7eef8460
Event: 13.204 Thread 0x000001c97b5a6800 DEOPT UNPACKING pc=0x000001c9629574af sp=0x0000009e7eef8408 mode 2
Event: 13.240 Thread 0x000001c97b5a6800 Uncommon trap: trap_request=0xffffff45 fr.pc=0x000001c96a515aec relative=0x000000000000020c
Event: 13.240 Thread 0x000001c97b5a6800 Uncommon trap: reason=unstable_fused_if action=reinterpret pc=0x000001c96a515aec method=org.objectweb.asm.ByteVector.putUTF8(Ljava/lang/String;)Lorg/objectweb/asm/ByteVector; @ 93 c2
Event: 13.240 Thread 0x000001c97b5a6800 DEOPT PACKING pc=0x000001c96a515aec sp=0x0000009e7eef81d0
Event: 13.240 Thread 0x000001c97b5a6800 DEOPT UNPACKING pc=0x000001c9629574af sp=0x0000009e7eef8150 mode 2

Classes redefined (0 events):
No events

Internal exceptions (20 events):
Event: 12.914 Thread 0x000001c97bf29000 Exception <a 'java/lang/NoSuchMethodError'{0x000000008ba928b0}: <clinit>> (0x000000008ba928b0) thrown at [./src/hotspot/share/prims/jni.cpp, line 1362]
Event: 12.918 Thread 0x000001c97bf29000 Exception <a 'java/lang/NoSuchMethodError'{0x000000008bab2920}: <clinit>> (0x000000008bab2920) thrown at [./src/hotspot/share/prims/jni.cpp, line 1362]
Event: 12.919 Thread 0x000001c97bf29000 Exception <a 'java/lang/NoSuchMethodError'{0x000000008bab3a30}: <clinit>> (0x000000008bab3a30) thrown at [./src/hotspot/share/prims/jni.cpp, line 1362]
Event: 12.919 Thread 0x000001c97bf29000 Exception <a 'java/lang/NoSuchMethodError'{0x000000008bab4d38}: <clinit>> (0x000000008bab4d38) thrown at [./src/hotspot/share/prims/jni.cpp, line 1362]
Event: 12.919 Thread 0x000001c97bf29000 Exception <a 'java/lang/NoSuchMethodError'{0x000000008bab5d58}: <clinit>> (0x000000008bab5d58) thrown at [./src/hotspot/share/prims/jni.cpp, line 1362]
Event: 12.920 Thread 0x000001c97bf29000 Exception <a 'java/lang/NoSuchMethodError'{0x000000008babfb90}: <clinit>> (0x000000008babfb90) thrown at [./src/hotspot/share/prims/jni.cpp, line 1362]
Event: 12.921 Thread 0x000001c97bf29000 Exception <a 'java/lang/NoSuchMethodError'{0x000000008baca250}: <clinit>> (0x000000008baca250) thrown at [./src/hotspot/share/prims/jni.cpp, line 1362]
Event: 12.924 Thread 0x000001c97bf29000 Exception <a 'java/lang/NoSuchMethodError'{0x000000008bade010}: <clinit>> (0x000000008bade010) thrown at [./src/hotspot/share/prims/jni.cpp, line 1362]
Event: 12.948 Thread 0x000001c97b5a6800 Exception <a 'java/lang/ClassNotFoundException'{0x000000008b966318}: build_2nhaidb8hopnjfas92y1es8o5BeanInfo> (0x000000008b966318) thrown at [./src/hotspot/share/classfile/systemDictionary.cpp, line 231]
Event: 12.948 Thread 0x000001c97b5a6800 Exception <a 'java/lang/ClassNotFoundException'{0x000000008b96f120}: build_2nhaidb8hopnjfas92y1es8o5Customizer> (0x000000008b96f120) thrown at [./src/hotspot/share/classfile/systemDictionary.cpp, line 231]
Event: 12.958 Thread 0x000001c97b5a6800 Exception <a 'java/lang/ClassNotFoundException'{0x000000008b9de308}: org/gradle/plugin/use/internal/PluginRequestCollector$PluginDependenciesSpecImplBeanInfo> (0x000000008b9de308) thrown at [./src/hotspot/share/classfile/systemDictionary.cpp, line 231]
Event: 12.959 Thread 0x000001c97b5a6800 Exception <a 'java/lang/ClassNotFoundException'{0x000000008b8045a0}: org/gradle/plugin/use/internal/PluginRequestCollector$PluginDependenciesSpecImplCustomizer> (0x000000008b8045a0) thrown at [./src/hotspot/share/classfile/systemDictionary.cpp, line 231]
Event: 12.970 Thread 0x000001c97b5a6800 Exception <a 'java/lang/NoSuchMethodError'{0x000000008b87a520}: 'void java.lang.invoke.DirectMethodHandle$Holder.invokeInterface(java.lang.Object, java.lang.Object)'> (0x000000008b87a520) thrown at [./src/hotspot/share/interpreter/linkResolver.cpp, line 773]
Event: 13.027 Thread 0x000001c97b5a6800 Exception <a 'java/lang/ClassNotFoundException'{0x000000008b6e2648}: org/gradle/api/internal/plugins/DefaultObjectConfigurationActionBeanInfo> (0x000000008b6e2648) thrown at [./src/hotspot/share/classfile/systemDictionary.cpp, line 231]
Event: 13.029 Thread 0x000001c97b5a6800 Exception <a 'java/lang/ClassNotFoundException'{0x000000008b50f8f8}: org/gradle/api/internal/plugins/DefaultObjectConfigurationActionCustomizer> (0x000000008b50f8f8) thrown at [./src/hotspot/share/classfile/systemDictionary.cpp, line 231]
Event: 13.202 Thread 0x000001c97b5a6800 Exception <a 'java/lang/NoSuchMethodError'{0x000000008ac01908}: 'java.lang.Object java.lang.invoke.DirectMethodHandle$Holder.invokeStatic(java.lang.Object, java.lang.Object, java.lang.Object, java.lang.Object, int)'> (0x000000008ac01908) thrown at [./src/hotspot/share/interpreter/linkResolver.cpp, line 773]
Event: 13.203 Thread 0x000001c97b5a6800 Exception <a 'java/lang/NoSuchMethodError'{0x000000008ac06300}: 'java.lang.Object java.lang.invoke.DirectMethodHandle$Holder.invokeSpecial(java.lang.Object, java.lang.Object, java.lang.Object, java.lang.Object, java.lang.Object, int)'> (0x000000008ac06300) thrown at [./src/hotspot/share/interpreter/linkResolver.cpp, line 773]
Event: 13.203 Thread 0x000001c97b5a6800 Exception <a 'java/lang/NoSuchMethodError'{0x000000008ac0a940}: 'java.lang.Object java.lang.invoke.Invokers$Holder.linkToTargetMethod(java.lang.Object, java.lang.Object, java.lang.Object, int, java.lang.Object)'> (0x000000008ac0a940) thrown at [./src/hotspot/share/interpreter/linkResolver.cpp, line 773]
Event: 13.615 Thread 0x000001c97b5a6800 Exception <a 'java/lang/NoSuchMethodError'{0x0000000089963e50}: 'java.lang.Object java.lang.invoke.DirectMethodHandle$Holder.invokeSpecial(java.lang.Object, java.lang.Object, int, int, java.lang.Object, java.lang.Object, java.lang.Object)'> (0x0000000089963e50) thrown at [./src/hotspot/share/interpreter/linkResolver.cpp, line 773]
Event: 13.616 Thread 0x000001c97b5a6800 Exception <a 'java/lang/NoSuchMethodError'{0x00000000899683d0}: 'java.lang.Object java.lang.invoke.DelegatingMethodHandle$Holder.reinvoke_L(java.lang.Object, int, int, java.lang.Object, java.lang.Object, java.lang.Object)'> (0x00000000899683d0) thrown at [./src/hotspot/share/interpreter/linkResolver.cpp, line 773]

Events (20 events):
Event: 13.788 loading class org/apache/xerces/dom/NotationImpl
Event: 13.788 loading class org/apache/xerces/dom/NotationImpl done
Event: 13.789 loading class org/apache/xerces/dom/DeferredProcessingInstructionImpl
Event: 13.789 loading class org/apache/xerces/dom/DeferredProcessingInstructionImpl done
Event: 13.789 loading class org/apache/xerces/dom/ProcessingInstructionImpl
Event: 13.789 loading class org/apache/xerces/dom/ProcessingInstructionImpl done
Event: 13.789 loading class org/apache/xerces/dom/DeferredTextImpl
Event: 13.789 loading class org/apache/xerces/dom/DeferredTextImpl done
Event: 13.790 loading class org/apache/xerces/dom/DeferredElementDefinitionImpl
Event: 13.790 loading class org/apache/xerces/dom/DeferredElementDefinitionImpl done
Event: 13.790 loading class org/apache/xerces/dom/ElementDefinitionImpl
Event: 13.790 loading class org/apache/xerces/dom/ElementDefinitionImpl done
Event: 13.794 loading class org/apache/xerces/dom/DeferredDocumentImpl$RefCount
Event: 13.794 loading class org/apache/xerces/dom/DeferredDocumentImpl$RefCount done
Event: 13.795 loading class org/apache/xerces/util/XMLChar
Event: 13.795 loading class org/apache/xerces/util/XMLChar done
Event: 13.800 loading class org/apache/xerces/impl/Constants
Event: 13.800 loading class org/apache/xerces/impl/Constants done
Event: 13.801 loading class org/apache/xerces/impl/Constants$ArrayEnumeration
Event: 13.801 loading class org/apache/xerces/impl/Constants$ArrayEnumeration done


Dynamic libraries:
0x00007ff620fc0000 - 0x00007ff620fca000 	C:\Program Files\Android\Android Studio\jre\bin\java.exe
0x00007ffe77c30000 - 0x00007ffe77e25000 	C:\WINDOWS\SYSTEM32\ntdll.dll
0x00007ffe766c0000 - 0x00007ffe7677d000 	C:\WINDOWS\System32\KERNEL32.DLL
0x00007ffe757c0000 - 0x00007ffe75a88000 	C:\WINDOWS\System32\KERNELBASE.dll
0x00007ffe75660000 - 0x00007ffe75760000 	C:\WINDOWS\System32\ucrtbase.dll
0x00007ffe5dad0000 - 0x00007ffe5dae7000 	C:\Program Files\Android\Android Studio\jre\bin\VCRUNTIME140.dll
0x00007ffe6f4e0000 - 0x00007ffe6f4f9000 	C:\Program Files\Android\Android Studio\jre\bin\jli.dll
0x00007ffe75c70000 - 0x00007ffe75e10000 	C:\WINDOWS\System32\USER32.dll
0x00007ffe5f330000 - 0x00007ffe5f5ca000 	C:\WINDOWS\WinSxS\amd64_microsoft.windows.common-controls_6595b64144ccf1df_6.0.19041.1052_none_60b8f8fd71f5e8cb\COMCTL32.dll
0x00007ffe75c40000 - 0x00007ffe75c62000 	C:\WINDOWS\System32\win32u.dll
0x00007ffe76530000 - 0x00007ffe765ce000 	C:\WINDOWS\System32\msvcrt.dll
0x00007ffe76350000 - 0x00007ffe7637a000 	C:\WINDOWS\System32\GDI32.dll
0x00007ffe75550000 - 0x00007ffe7565b000 	C:\WINDOWS\System32\gdi32full.dll
0x00007ffe75ac0000 - 0x00007ffe75b5d000 	C:\WINDOWS\System32\msvcp_win.dll
0x00007ffe76430000 - 0x00007ffe76460000 	C:\WINDOWS\System32\IMM32.DLL
0x00007ffe42200000 - 0x00007ffe4229d000 	C:\Program Files\Android\Android Studio\jre\bin\msvcp140.dll
0x00007ffe2e8a0000 - 0x00007ffe2f35c000 	C:\Program Files\Android\Android Studio\jre\bin\server\jvm.dll
0x00007ffe76480000 - 0x00007ffe7652c000 	C:\WINDOWS\System32\ADVAPI32.dll
0x00007ffe77a70000 - 0x00007ffe77b0b000 	C:\WINDOWS\System32\sechost.dll
0x00007ffe77940000 - 0x00007ffe77a6b000 	C:\WINDOWS\System32\RPCRT4.dll
0x00007ffe766b0000 - 0x00007ffe766b8000 	C:\WINDOWS\System32\PSAPI.DLL
0x00007ffe6e330000 - 0x00007ffe6e339000 	C:\WINDOWS\SYSTEM32\WSOCK32.dll
0x00007ffe6cc50000 - 0x00007ffe6cc5a000 	C:\WINDOWS\SYSTEM32\VERSION.dll
0x00007ffe63650000 - 0x00007ffe63677000 	C:\WINDOWS\SYSTEM32\WINMM.dll
0x00007ffe773e0000 - 0x00007ffe7744b000 	C:\WINDOWS\System32\WS2_32.dll
0x00007ffe73c10000 - 0x00007ffe73c22000 	C:\WINDOWS\SYSTEM32\kernel.appcore.dll
0x00007ffe6db80000 - 0x00007ffe6db91000 	C:\Program Files\Android\Android Studio\jre\bin\verify.dll
0x00007ffe737f0000 - 0x00007ffe739d4000 	C:\WINDOWS\SYSTEM32\DBGHELP.DLL
0x00007ffe59340000 - 0x00007ffe5936c000 	C:\WINDOWS\SYSTEM32\dbgcore.DLL
0x00007ffe75b60000 - 0x00007ffe75be3000 	C:\WINDOWS\System32\bcryptPrimitives.dll
0x00007ffe4dcb0000 - 0x00007ffe4dcd9000 	C:\Program Files\Android\Android Studio\jre\bin\java.dll
0x00007ffe6dc30000 - 0x00007ffe6dc3b000 	C:\Program Files\Android\Android Studio\jre\bin\jimage.dll
0x00007ffe650d0000 - 0x00007ffe650e8000 	C:\Program Files\Android\Android Studio\jre\bin\zip.dll
0x00007ffe76b10000 - 0x00007ffe7724f000 	C:\WINDOWS\System32\SHELL32.dll
0x00007ffe72fa0000 - 0x00007ffe73730000 	C:\WINDOWS\SYSTEM32\windows.storage.dll
0x00007ffe774e0000 - 0x00007ffe77835000 	C:\WINDOWS\System32\combase.dll
0x00007ffe74db0000 - 0x00007ffe74ddc000 	C:\WINDOWS\SYSTEM32\Wldp.dll
0x00007ffe77b10000 - 0x00007ffe77bbe000 	C:\WINDOWS\System32\SHCORE.dll
0x00007ffe767e0000 - 0x00007ffe76835000 	C:\WINDOWS\System32\shlwapi.dll
0x00007ffe75280000 - 0x00007ffe7529f000 	C:\WINDOWS\SYSTEM32\profapi.dll
0x00007ffe64d00000 - 0x00007ffe64d1a000 	C:\Program Files\Android\Android Studio\jre\bin\net.dll
0x00007ffe64420000 - 0x00007ffe6452b000 	C:\WINDOWS\SYSTEM32\WINHTTP.dll
0x00007ffe74b20000 - 0x00007ffe74b8a000 	C:\WINDOWS\system32\mswsock.dll
0x00007ffe4dc90000 - 0x00007ffe4dca4000 	C:\Program Files\Android\Android Studio\jre\bin\nio.dll
0x00007ffe6f430000 - 0x00007ffe6f457000 	C:\Users\Asus\.gradle\native\fdc75f09e3144964f2cf3f50f0aa648679c211496f362492102eb8c894070792\windows-amd64\native-platform.dll
0x00007ffe2f930000 - 0x00007ffe2fac6000 	C:\Users\Asus\.gradle\native\12488b8bf47d2d4c9fbf2f6322a914ad602e24e48041cd04a747c6da556b65c4\windows-amd64\native-platform-file-events.dll
0x00007ffe6da70000 - 0x00007ffe6da7a000 	C:\Program Files\Android\Android Studio\jre\bin\management.dll
0x00007ffe647e0000 - 0x00007ffe647ec000 	C:\Program Files\Android\Android Studio\jre\bin\management_ext.dll
0x00007ffe74cf0000 - 0x00007ffe74d08000 	C:\WINDOWS\SYSTEM32\CRYPTSP.dll
0x00007ffe74450000 - 0x00007ffe74484000 	C:\WINDOWS\system32\rsaenh.dll
0x00007ffe75a90000 - 0x00007ffe75ab7000 	C:\WINDOWS\System32\bcrypt.dll
0x00007ffe75200000 - 0x00007ffe7522e000 	C:\WINDOWS\SYSTEM32\USERENV.dll
0x00007ffe74d10000 - 0x00007ffe74d1c000 	C:\WINDOWS\SYSTEM32\CRYPTBASE.dll
0x00007ffe747a0000 - 0x00007ffe747db000 	C:\WINDOWS\SYSTEM32\IPHLPAPI.DLL
0x00007ffe778d0000 - 0x00007ffe778d8000 	C:\WINDOWS\System32\NSI.dll
0x00007ffe6bcb0000 - 0x00007ffe6bcc7000 	C:\WINDOWS\SYSTEM32\dhcpcsvc6.DLL
0x00007ffe6ca40000 - 0x00007ffe6ca5d000 	C:\WINDOWS\SYSTEM32\dhcpcsvc.DLL
0x00007ffe747e0000 - 0x00007ffe748ac000 	C:\WINDOWS\SYSTEM32\DNSAPI.dll
0x00007ffe6ca80000 - 0x00007ffe6ca8b000 	C:\WINDOWS\SYSTEM32\WINNSI.DLL

dbghelp: loaded successfully - version: 4.0.5 - missing functions: none
symbol engine: initialized successfully - sym options: 0x614 - pdb path: .;C:\Program Files\Android\Android Studio\jre\bin;C:\WINDOWS\SYSTEM32;C:\WINDOWS\WinSxS\amd64_microsoft.windows.common-controls_6595b64144ccf1df_6.0.19041.1052_none_60b8f8fd71f5e8cb;C:\Program Files\Android\Android Studio\jre\bin\server;C:\Users\Asus\.gradle\native\fdc75f09e3144964f2cf3f50f0aa648679c211496f362492102eb8c894070792\windows-amd64;C:\Users\Asus\.gradle\native\12488b8bf47d2d4c9fbf2f6322a914ad602e24e48041cd04a747c6da556b65c4\windows-amd64

VM Arguments:
jvm_args: --add-opens=java.base/java.util=ALL-UNNAMED --add-opens=java.base/java.lang=ALL-UNNAMED --add-opens=java.base/java.lang.invoke=ALL-UNNAMED --add-opens=java.prefs/java.util.prefs=ALL-UNNAMED -Xmx2048m -Dfile.encoding=UTF-8 -Duser.country=ID -Duser.language=en -Duser.variant 
java_command: org.gradle.launcher.daemon.bootstrap.GradleDaemon 6.7.1
java_class_path (initial): C:\Users\Asus\.gradle\wrapper\dists\gradle-6.7.1-bin\bwlcbys1h7rz3272sye1xwiv6\gradle-6.7.1\lib\gradle-launcher-6.7.1.jar
Launcher Type: SUN_STANDARD

[Global flags]
     intx CICompilerCount                          = 4                                         {product} {ergonomic}
     uint ConcGCThreads                            = 2                                         {product} {ergonomic}
     uint G1ConcRefinementThreads                  = 8                                         {product} {ergonomic}
   size_t G1HeapRegionSize                         = 1048576                                   {product} {ergonomic}
    uintx GCDrainStackTargetSize                   = 64                                        {product} {ergonomic}
   size_t InitialHeapSize                          = 199229440                                 {product} {ergonomic}
   size_t MarkStackSize                            = 4194304                                   {product} {ergonomic}
   size_t MaxHeapSize                              = 2147483648                                {product} {command line}
   size_t MaxNewSize                               = 1287651328                                {product} {ergonomic}
   size_t MinHeapDeltaBytes                        = 1048576                                   {product} {ergonomic}
    uintx NonNMethodCodeHeapSize                   = 5836300                                {pd product} {ergonomic}
    uintx NonProfiledCodeHeapSize                  = 122910970                              {pd product} {ergonomic}
    uintx ProfiledCodeHeapSize                     = 122910970                              {pd product} {ergonomic}
    uintx ReservedCodeCacheSize                    = 251658240                              {pd product} {ergonomic}
     bool SegmentedCodeCache                       = true                                      {product} {ergonomic}
     bool UseCompressedClassPointers               = true                                 {lp64_product} {ergonomic}
     bool UseCompressedOops                        = true                                 {lp64_product} {ergonomic}
     bool UseG1GC                                  = true                                      {product} {ergonomic}
     bool UseLargePagesIndividualAllocation        = false                                  {pd product} {ergonomic}

Logging:
Log output configuration:
 #0: stdout all=warning uptime,level,tags
 #1: stderr all=off uptime,level,tags

Environment Variables:
PATH=C:\Program Files (x86)\Common Files\Oracle\Java\javapath;C:\Windows\system32;C:\Windows;C:\Windows\System32\Wbem;C:\Windows\System32\WindowsPowerShell\v1.0\;C:\Windows\System32\OpenSSH\;C:\Program Files (x86)\NVIDIA Corporation\PhysX\Common;C:\Program Files\Intel\WiFi\bin\;C:\Program Files\Common Files\Intel\WirelessCommon\;C:\WINDOWS\system32;C:\WINDOWS;C:\WINDOWS\System32\Wbem;C:\WINDOWS\System32\WindowsPowerShell\v1.0\;C:\WINDOWS\System32\OpenSSH\;D:\xampp\php;C:\Program Files\Git\cmd;C:\Program Files\Dart\dart-sdk\bin;C:\ProgramData\ComposerSetup\bin;C:\Program Files\Inkscape\bin;C:\Users\Asus\AppData\Local\Programs\Python\Python39\Scripts\;C:\Users\Asus\AppData\Local\Programs\Python\Python39\;C:\Users\Asus\AppData\Local\Microsoft\WindowsApps;C:\Users\Asus\AppData\Roaming\Composer\vendor\bin;D:\Flutter\flutter\bin;C:\Users\Asus\AppData\Local\Programs\Microsoft VS Code\bin
USERNAME=Asus
OS=Windows_NT
PROCESSOR_IDENTIFIER=Intel64 Family 6 Model 142 Stepping 12, GenuineIntel



---------------  S Y S T E M  ---------------

OS: Windows 10 , 64 bit Build 19041 (10.0.19041.1023)
OS uptime: 13 days 16:12 hours

CPU:total 8 (initial active 8) (4 cores per cpu, 2 threads per core) family 6 model 142 stepping 12, cmov, cx8, fxsr, mmx, sse, sse2, sse3, ssse3, sse4.1, sse4.2, popcnt, avx, avx2, aes, clmul, erms, 3dnowpref, lzcnt, ht, tsc, tscinvbit, bmi1, bmi2, adx, fma

Memory: 4k page, system-wide physical 12139M (2087M free)
TotalPageFile size 43858M (AvailPageFile size 0M)
current process WorkingSet (physical memory assigned to process): 301M, peak: 301M
current process commit charge ("private bytes"): 401M, peak: 401M

vm_info: OpenJDK 64-Bit Server VM (11.0.8+10-b944.6842174) for windows-amd64 JRE (11.0.8+10-b944.6842174), built on Sep 19 2020 01:11:42 by "builder" with MS VC++ 14.0 (VS2015)

END.
